[0.009s] Invoking command in '/home/diogo/rtabmap_ros_ws/build/rtabmap_conversions': AMENT_PREFIX_PATH=/home/diogo/rtabmap_ros_ws/install:${AMENT_PREFIX_PATH} CMAKE_PREFIX_PATH=/home/diogo/rtabmap_ros_ws/install:/opt/ros/humble LD_LIBRARY_PATH=/home/diogo/rtabmap_ros_ws/install/lib:${LD_LIBRARY_PATH} PYTHONPATH=/home/diogo/rtabmap_ros_ws/install/local/lib/python3.10/dist-packages:${PYTHONPATH} /usr/bin/cmake /home/diogo/rtabmap_ros_ws/src/rtabmap_ros/rtabmap_conversions -DCMAKE_BUILD_TYPE=MinSizeRel -DCMAKE_CXX_FLAGS=-pipe -DAMENT_CMAKE_SYMLINK_INSTALL=1 -DCMAKE_INSTALL_PREFIX=/home/diogo/rtabmap_ros_ws/install
[0.055s] -- The C compiler identification is GNU 11.4.0
[0.099s] -- The CXX compiler identification is GNU 11.4.0
[0.105s] -- Detecting C compiler ABI info
[0.165s] -- Detecting C compiler ABI info - done
[0.170s] -- Check for working C compiler: /usr/bin/cc - skipped
[0.170s] -- Detecting C compile features
[0.170s] -- Detecting C compile features - done
[0.172s] -- Detecting CXX compiler ABI info
[0.238s] -- Detecting CXX compiler ABI info - done
[0.243s] -- Check for working CXX compiler: /usr/bin/c++ - skipped
[0.243s] -- Detecting CXX compile features
[0.244s] -- Detecting CXX compile features - done
[0.246s] -- Found ament_cmake: 1.3.11 (/opt/ros/humble/share/ament_cmake/cmake)
[0.366s] -- Found Python3: /usr/bin/python3 (found version "3.10.12") found components: Interpreter 
[0.414s] -- Override CMake install command with custom implementation using symlinks instead of copying resources
[0.441s] -- Found cv_bridge: 3.2.1 (/opt/ros/humble/share/cv_bridge/cmake)
[0.481s] -- Found rosidl_generator_c: 3.1.6 (/opt/ros/humble/share/rosidl_generator_c/cmake)
[0.486s] -- Found rosidl_adapter: 3.1.6 (/opt/ros/humble/share/rosidl_adapter/cmake)
[0.493s] -- Found rosidl_generator_cpp: 3.1.6 (/opt/ros/humble/share/rosidl_generator_cpp/cmake)
[0.502s] -- Using all available rosidl_typesupport_c: rosidl_typesupport_fastrtps_c;rosidl_typesupport_introspection_c
[0.516s] -- Using all available rosidl_typesupport_cpp: rosidl_typesupport_fastrtps_cpp;rosidl_typesupport_introspection_cpp
[0.564s] -- Found image_geometry: 3.2.1 (/opt/ros/humble/share/image_geometry/cmake)
[0.567s] -- Found laser_geometry: 2.4.0 (/opt/ros/humble/share/laser_geometry/cmake)
[0.612s] -- Found rmw_implementation_cmake: 6.1.2 (/opt/ros/humble/share/rmw_implementation_cmake/cmake)
[0.614s] -- Found rmw_fastrtps_cpp: 6.2.7 (/opt/ros/humble/share/rmw_fastrtps_cpp/cmake)
[0.697s] -- Found OpenSSL: /usr/lib/x86_64-linux-gnu/libcrypto.so (found version "3.0.2")  
[0.722s] -- Found FastRTPS: /opt/ros/humble/include  
[0.765s] -- Using RMW implementation 'rmw_fastrtps_cpp' as default
[0.774s] -- Looking for pthread.h
[0.840s] -- Looking for pthread.h - found
[0.840s] -- Performing Test CMAKE_HAVE_LIBC_PTHREAD
[0.903s] -- Performing Test CMAKE_HAVE_LIBC_PTHREAD - Success
[0.904s] -- Found Threads: TRUE  
[0.948s] -- Found pcl_conversions: 2.4.5 (/opt/ros/humble/share/pcl_conversions/cmake)
[0.980s] -- Checking for module 'eigen3'
[0.992s] --   Found eigen3, version 3.4.0
[1.024s] -- Found Eigen: /usr/include/eigen3 (Required is at least version "3.1") 
[1.024s] -- Eigen found (include: /usr/include/eigen3, version: 3.4.0)
[1.060s] -- Checking for module 'flann'
[1.072s] --   Found flann, version 1.9.1
[1.109s] -- Found FLANN: /usr/lib/x86_64-linux-gnu/libflann_cpp.so  
[1.109s] -- FLANN found (include: /usr/include, lib: /usr/lib/x86_64-linux-gnu/libflann_cpp.so)
[1.905s] -- Checking for module 'libusb-1.0'
[1.917s] --   Found libusb-1.0, version 1.0.25
[1.952s] -- Found libusb: /usr/lib/x86_64-linux-gnu/libusb-1.0.so  
[1.953s] -- OpenNI found (version: 1.5.4.0, include: /usr/include/ni, lib: /usr/lib/libOpenNI.so;libusb::libusb)
[2.006s] -- OpenNI2 found (version: 2.2.0.33, include: /usr/include/openni2, lib: /usr/lib/x86_64-linux-gnu/libOpenNI2.so;libusb::libusb)
[2.126s] -- Eigen found (include: /usr/include/eigen3, version: 3.4.0)
[2.131s] -- OpenNI found (version: 1.5.4.0, include: /usr/include/ni, lib: /usr/lib/libOpenNI.so;libusb::libusb)
[2.137s] -- OpenNI2 found (version: 2.2.0.33, include: /usr/include/openni2, lib: /usr/lib/x86_64-linux-gnu/libOpenNI2.so;libusb::libusb)
[2.247s] -- Found Qhull version 8.0.2
[2.362s] -- OpenNI found (version: 1.5.4.0, include: /usr/include/ni, lib: /usr/lib/libOpenNI.so;libusb::libusb)
[2.473s] -- Found PCL_COMMON: /usr/lib/x86_64-linux-gnu/libpcl_common.so  
[2.473s] -- Found PCL_KDTREE: /usr/lib/x86_64-linux-gnu/libpcl_kdtree.so  
[2.475s] -- Found PCL_OCTREE: /usr/lib/x86_64-linux-gnu/libpcl_octree.so  
[2.475s] -- Found PCL_SEARCH: /usr/lib/x86_64-linux-gnu/libpcl_search.so  
[2.476s] -- Found PCL_SAMPLE_CONSENSUS: /usr/lib/x86_64-linux-gnu/libpcl_sample_consensus.so  
[2.477s] -- Found PCL_FILTERS: /usr/lib/x86_64-linux-gnu/libpcl_filters.so  
[2.477s] -- Found PCL_2D: /usr/include/pcl-1.12  
[2.478s] -- Found PCL_GEOMETRY: /usr/include/pcl-1.12  
[2.478s] -- Found PCL_IO: /usr/lib/x86_64-linux-gnu/libpcl_io.so  
[2.479s] -- Found PCL_FEATURES: /usr/lib/x86_64-linux-gnu/libpcl_features.so  
[2.480s] -- Found PCL_ML: /usr/lib/x86_64-linux-gnu/libpcl_ml.so  
[2.481s] -- Found PCL_SEGMENTATION: /usr/lib/x86_64-linux-gnu/libpcl_segmentation.so  
[2.481s] -- Found PCL_VISUALIZATION: /usr/lib/x86_64-linux-gnu/libpcl_visualization.so  
[2.482s] -- Found PCL_SURFACE: /usr/lib/x86_64-linux-gnu/libpcl_surface.so  
[2.483s] -- Found PCL_REGISTRATION: /usr/lib/x86_64-linux-gnu/libpcl_registration.so  
[2.484s] -- Found PCL_KEYPOINTS: /usr/lib/x86_64-linux-gnu/libpcl_keypoints.so  
[2.484s] -- Found PCL_TRACKING: /usr/lib/x86_64-linux-gnu/libpcl_tracking.so  
[2.485s] -- Found PCL_RECOGNITION: /usr/lib/x86_64-linux-gnu/libpcl_recognition.so  
[2.486s] -- Found PCL_STEREO: /usr/lib/x86_64-linux-gnu/libpcl_stereo.so  
[2.487s] -- Found PCL_APPS: /usr/lib/x86_64-linux-gnu/libpcl_apps.so  
[2.487s] -- Found PCL_IN_HAND_SCANNER: /usr/include/pcl-1.12  
[2.488s] -- Found PCL_MODELER: /usr/include/pcl-1.12  
[2.488s] -- Found PCL_POINT_CLOUD_EDITOR: /usr/include/pcl-1.12  
[2.489s] -- Found PCL_OUTOFCORE: /usr/lib/x86_64-linux-gnu/libpcl_outofcore.so  
[2.490s] -- Found PCL_PEOPLE: /usr/lib/x86_64-linux-gnu/libpcl_people.so  
[2.492s] -- Found rtabmap_msgs: 0.21.10 (/home/diogo/rtabmap_ros_ws/install/share/rtabmap_msgs/cmake)
[2.513s] -- Found tf2_eigen: 0.25.12 (/opt/ros/humble/share/tf2_eigen/cmake)
[2.586s] -- Found tf2_geometry_msgs: 0.25.12 (/opt/ros/humble/share/tf2_geometry_msgs/cmake)
[2.594s] -- Found Eigen3: TRUE (found version "3.4.0") 
[2.594s] -- Ensuring Eigen3 include directory is part of orocos-kdl CMake target
[2.597s] -- Found OpenCV: /usr (found version "4.5.4") found components: core calib3d imgproc highgui stitching photo video aruco objdetect missing components: xfeatures2d nonfree gpu cudafeatures2d
[2.597s] [33mCMake Warning (dev) at /usr/share/cmake-3.22/Modules/CMakeFindDependencyMacro.cmake:47 (find_package):
[2.597s]   Policy CMP0074 is not set: find_package uses <PackageName>_ROOT variables.
[2.597s]   Run "cmake --help-policy CMP0074" for policy details.  Use the cmake_policy
[2.597s]   command to set the policy and suppress this warning.
[2.597s] 
[2.597s]   CMake variable PCL_ROOT is set to:
[2.597s] 
[2.598s]     /usr
[2.598s] 
[2.598s]   For compatibility, CMake is ignoring the variable.
[2.598s] Call Stack (most recent call first):
[2.598s]   /opt/ros/humble/lib/x86_64-linux-gnu/rtabmap-0.21/RTABMapConfig.cmake:7 (find_dependency)
[2.598s]   CMakeLists.txt:22 (find_package)
[2.598s] This warning is for project developers.  Use -Wno-dev to suppress it.
[2.598s] [0m
[2.673s] -- Configuring done
[2.711s] -- Generating done
[2.720s] -- Build files have been written to: /home/diogo/rtabmap_ros_ws/build/rtabmap_conversions
[2.736s] Invoked command in '/home/diogo/rtabmap_ros_ws/build/rtabmap_conversions' returned '0': AMENT_PREFIX_PATH=/home/diogo/rtabmap_ros_ws/install:${AMENT_PREFIX_PATH} CMAKE_PREFIX_PATH=/home/diogo/rtabmap_ros_ws/install:/opt/ros/humble LD_LIBRARY_PATH=/home/diogo/rtabmap_ros_ws/install/lib:${LD_LIBRARY_PATH} PYTHONPATH=/home/diogo/rtabmap_ros_ws/install/local/lib/python3.10/dist-packages:${PYTHONPATH} /usr/bin/cmake /home/diogo/rtabmap_ros_ws/src/rtabmap_ros/rtabmap_conversions -DCMAKE_BUILD_TYPE=MinSizeRel -DCMAKE_CXX_FLAGS=-pipe -DAMENT_CMAKE_SYMLINK_INSTALL=1 -DCMAKE_INSTALL_PREFIX=/home/diogo/rtabmap_ros_ws/install
[2.738s] Invoking command in '/home/diogo/rtabmap_ros_ws/build/rtabmap_conversions': AMENT_PREFIX_PATH=/home/diogo/rtabmap_ros_ws/install:${AMENT_PREFIX_PATH} CMAKE_PREFIX_PATH=/home/diogo/rtabmap_ros_ws/install:/opt/ros/humble LD_LIBRARY_PATH=/home/diogo/rtabmap_ros_ws/install/lib:${LD_LIBRARY_PATH} PYTHONPATH=/home/diogo/rtabmap_ros_ws/install/local/lib/python3.10/dist-packages:${PYTHONPATH} /usr/bin/cmake --build /home/diogo/rtabmap_ros_ws/build/rtabmap_conversions -- -j16 -l16
[2.788s] [ 50%] [32mBuilding CXX object CMakeFiles/rtabmap_conversions.dir/src/MsgConversion.cpp.o[0m
[15.124s] [100%] [32m[1mLinking CXX shared library librtabmap_conversions.so[0m
[15.519s] [100%] Built target rtabmap_conversions
[15.529s] Invoked command in '/home/diogo/rtabmap_ros_ws/build/rtabmap_conversions' returned '0': AMENT_PREFIX_PATH=/home/diogo/rtabmap_ros_ws/install:${AMENT_PREFIX_PATH} CMAKE_PREFIX_PATH=/home/diogo/rtabmap_ros_ws/install:/opt/ros/humble LD_LIBRARY_PATH=/home/diogo/rtabmap_ros_ws/install/lib:${LD_LIBRARY_PATH} PYTHONPATH=/home/diogo/rtabmap_ros_ws/install/local/lib/python3.10/dist-packages:${PYTHONPATH} /usr/bin/cmake --build /home/diogo/rtabmap_ros_ws/build/rtabmap_conversions -- -j16 -l16
[15.530s] Invoking command in '/home/diogo/rtabmap_ros_ws/build/rtabmap_conversions': AMENT_PREFIX_PATH=/home/diogo/rtabmap_ros_ws/install:${AMENT_PREFIX_PATH} CMAKE_PREFIX_PATH=/home/diogo/rtabmap_ros_ws/install:/opt/ros/humble LD_LIBRARY_PATH=/home/diogo/rtabmap_ros_ws/install/lib:${LD_LIBRARY_PATH} PYTHONPATH=/home/diogo/rtabmap_ros_ws/install/local/lib/python3.10/dist-packages:${PYTHONPATH} /usr/bin/cmake --install /home/diogo/rtabmap_ros_ws/build/rtabmap_conversions
[15.539s] -- Install configuration: "MinSizeRel"
[15.539s] -- Execute custom install script
[15.540s] -- Symlinking: /home/diogo/rtabmap_ros_ws/install/share/rtabmap_conversions/environment/library_path.sh
[15.548s] -- Symlinking: /home/diogo/rtabmap_ros_ws/install/share/rtabmap_conversions/environment/library_path.dsv
[15.556s] -- Symlinking: /home/diogo/rtabmap_ros_ws/install/share/ament_index/resource_index/package_run_dependencies/rtabmap_conversions
[15.563s] -- Symlinking: /home/diogo/rtabmap_ros_ws/install/share/ament_index/resource_index/parent_prefix_path/rtabmap_conversions
[15.574s] -- Symlinking: /home/diogo/rtabmap_ros_ws/install/share/rtabmap_conversions/environment/ament_prefix_path.sh
[15.582s] -- Symlinking: /home/diogo/rtabmap_ros_ws/install/share/rtabmap_conversions/environment/ament_prefix_path.dsv
[15.589s] -- Symlinking: /home/diogo/rtabmap_ros_ws/install/share/rtabmap_conversions/environment/path.sh
[15.598s] -- Symlinking: /home/diogo/rtabmap_ros_ws/install/share/rtabmap_conversions/environment/path.dsv
[15.607s] -- Symlinking: /home/diogo/rtabmap_ros_ws/install/share/rtabmap_conversions/local_setup.bash
[15.615s] -- Symlinking: /home/diogo/rtabmap_ros_ws/install/share/rtabmap_conversions/local_setup.sh
[15.622s] -- Symlinking: /home/diogo/rtabmap_ros_ws/install/share/rtabmap_conversions/local_setup.zsh
[15.632s] -- Symlinking: /home/diogo/rtabmap_ros_ws/install/share/rtabmap_conversions/local_setup.dsv
[15.640s] -- Symlinking: /home/diogo/rtabmap_ros_ws/install/share/rtabmap_conversions/package.dsv
[15.647s] -- Symlinking: /home/diogo/rtabmap_ros_ws/install/share/ament_index/resource_index/packages/rtabmap_conversions
[15.654s] -- Symlinking: /home/diogo/rtabmap_ros_ws/install/share/rtabmap_conversions/cmake/ament_cmake_export_dependencies-extras.cmake
[15.664s] -- Symlinking: /home/diogo/rtabmap_ros_ws/install/share/rtabmap_conversions/cmake/ament_cmake_export_include_directories-extras.cmake
[15.672s] -- Symlinking: /home/diogo/rtabmap_ros_ws/install/share/rtabmap_conversions/cmake/ament_cmake_export_targets-extras.cmake
[15.680s] -- Symlinking: /home/diogo/rtabmap_ros_ws/install/share/rtabmap_conversions/cmake/ament_cmake_export_libraries-extras.cmake
[15.687s] -- Symlinking: /home/diogo/rtabmap_ros_ws/install/share/rtabmap_conversions/cmake/rtabmap_conversionsConfig.cmake
[15.697s] -- Symlinking: /home/diogo/rtabmap_ros_ws/install/share/rtabmap_conversions/cmake/rtabmap_conversionsConfig-version.cmake
[15.705s] -- Symlinking: /home/diogo/rtabmap_ros_ws/install/share/rtabmap_conversions/package.xml
[15.713s] -- Installing: /home/diogo/rtabmap_ros_ws/install/lib/librtabmap_conversions.so
[15.714s] -- Set runtime path of "/home/diogo/rtabmap_ros_ws/install/lib/librtabmap_conversions.so" to ""
[15.714s] -- Up-to-date: /home/diogo/rtabmap_ros_ws/install/include
[15.714s] -- Installing: /home/diogo/rtabmap_ros_ws/install/include/rtabmap_conversions
[15.714s] -- Installing: /home/diogo/rtabmap_ros_ws/install/include/rtabmap_conversions/MsgConversion.h
[15.714s] -- Installing: /home/diogo/rtabmap_ros_ws/install/share/rtabmap_conversions/cmake/rtabmap_conversionsExport.cmake
[15.714s] -- Installing: /home/diogo/rtabmap_ros_ws/install/share/rtabmap_conversions/cmake/rtabmap_conversionsExport-minsizerel.cmake
[15.716s] Invoked command in '/home/diogo/rtabmap_ros_ws/build/rtabmap_conversions' returned '0': AMENT_PREFIX_PATH=/home/diogo/rtabmap_ros_ws/install:${AMENT_PREFIX_PATH} CMAKE_PREFIX_PATH=/home/diogo/rtabmap_ros_ws/install:/opt/ros/humble LD_LIBRARY_PATH=/home/diogo/rtabmap_ros_ws/install/lib:${LD_LIBRARY_PATH} PYTHONPATH=/home/diogo/rtabmap_ros_ws/install/local/lib/python3.10/dist-packages:${PYTHONPATH} /usr/bin/cmake --install /home/diogo/rtabmap_ros_ws/build/rtabmap_conversions
