[0.018s] Invoking command in '/home/diogo/rtabmap_ros_ws/build/rtabmap_launch': AMENT_PREFIX_PATH=/home/diogo/rtabmap_ros_ws/install:${AMENT_PREFIX_PATH} CMAKE_PREFIX_PATH=/home/diogo/rtabmap_ros_ws/install:/opt/ros/humble LD_LIBRARY_PATH=/home/diogo/rtabmap_ros_ws/install/lib:${LD_LIBRARY_PATH} PYTHONPATH=/home/diogo/rtabmap_ros_ws/install/lib/python3.10/site-packages:/home/diogo/rtabmap_ros_ws/install/local/lib/python3.10/dist-packages:${PYTHONPATH} /usr/bin/cmake /home/diogo/rtabmap_ros_ws/src/rtabmap_ros/rtabmap_launch -DCMAKE_BUILD_TYPE=MinSizeRel -DCMAKE_CXX_FLAGS=-pipe -DCMAKE_INSTALL_PREFIX=/home/diogo/rtabmap_ros_ws/install
[0.063s] -- The C compiler identification is GNU 11.4.0
[0.107s] -- The CXX compiler identification is GNU 11.4.0
[0.113s] -- Detecting C compiler ABI info
[0.174s] -- Detecting C compiler ABI info - done
[0.179s] -- Check for working C compiler: /usr/bin/cc - skipped
[0.179s] -- Detecting C compile features
[0.179s] -- Detecting C compile features - done
[0.181s] -- Detecting CXX compiler ABI info
[0.249s] -- Detecting CXX compiler ABI info - done
[0.254s] -- Check for working CXX compiler: /usr/bin/c++ - skipped
[0.254s] -- Detecting CXX compile features
[0.255s] -- Detecting CXX compile features - done
[0.257s] -- Found ament_cmake: 1.3.11 (/opt/ros/humble/share/ament_cmake/cmake)
[0.376s] -- Found Python3: /usr/bin/python3 (found version "3.10.12") found components: Interpreter 
[0.494s] -- Configuring done
[0.497s] -- Generating done
[0.498s] -- Build files have been written to: /home/diogo/rtabmap_ros_ws/build/rtabmap_launch
[0.502s] Invoked command in '/home/diogo/rtabmap_ros_ws/build/rtabmap_launch' returned '0': AMENT_PREFIX_PATH=/home/diogo/rtabmap_ros_ws/install:${AMENT_PREFIX_PATH} CMAKE_PREFIX_PATH=/home/diogo/rtabmap_ros_ws/install:/opt/ros/humble LD_LIBRARY_PATH=/home/diogo/rtabmap_ros_ws/install/lib:${LD_LIBRARY_PATH} PYTHONPATH=/home/diogo/rtabmap_ros_ws/install/lib/python3.10/site-packages:/home/diogo/rtabmap_ros_ws/install/local/lib/python3.10/dist-packages:${PYTHONPATH} /usr/bin/cmake /home/diogo/rtabmap_ros_ws/src/rtabmap_ros/rtabmap_launch -DCMAKE_BUILD_TYPE=MinSizeRel -DCMAKE_CXX_FLAGS=-pipe -DCMAKE_INSTALL_PREFIX=/home/diogo/rtabmap_ros_ws/install
[0.503s] Invoking command in '/home/diogo/rtabmap_ros_ws/build/rtabmap_launch': AMENT_PREFIX_PATH=/home/diogo/rtabmap_ros_ws/install:${AMENT_PREFIX_PATH} CMAKE_PREFIX_PATH=/home/diogo/rtabmap_ros_ws/install:/opt/ros/humble LD_LIBRARY_PATH=/home/diogo/rtabmap_ros_ws/install/lib:${LD_LIBRARY_PATH} PYTHONPATH=/home/diogo/rtabmap_ros_ws/install/lib/python3.10/site-packages:/home/diogo/rtabmap_ros_ws/install/local/lib/python3.10/dist-packages:${PYTHONPATH} /usr/bin/cmake --build /home/diogo/rtabmap_ros_ws/build/rtabmap_launch -- -j16 -l16
[0.539s] Invoked command in '/home/diogo/rtabmap_ros_ws/build/rtabmap_launch' returned '0': AMENT_PREFIX_PATH=/home/diogo/rtabmap_ros_ws/install:${AMENT_PREFIX_PATH} CMAKE_PREFIX_PATH=/home/diogo/rtabmap_ros_ws/install:/opt/ros/humble LD_LIBRARY_PATH=/home/diogo/rtabmap_ros_ws/install/lib:${LD_LIBRARY_PATH} PYTHONPATH=/home/diogo/rtabmap_ros_ws/install/lib/python3.10/site-packages:/home/diogo/rtabmap_ros_ws/install/local/lib/python3.10/dist-packages:${PYTHONPATH} /usr/bin/cmake --build /home/diogo/rtabmap_ros_ws/build/rtabmap_launch -- -j16 -l16
[0.541s] Invoking command in '/home/diogo/rtabmap_ros_ws/build/rtabmap_launch': AMENT_PREFIX_PATH=/home/diogo/rtabmap_ros_ws/install:${AMENT_PREFIX_PATH} CMAKE_PREFIX_PATH=/home/diogo/rtabmap_ros_ws/install:/opt/ros/humble LD_LIBRARY_PATH=/home/diogo/rtabmap_ros_ws/install/lib:${LD_LIBRARY_PATH} PYTHONPATH=/home/diogo/rtabmap_ros_ws/install/lib/python3.10/site-packages:/home/diogo/rtabmap_ros_ws/install/local/lib/python3.10/dist-packages:${PYTHONPATH} /usr/bin/cmake --install /home/diogo/rtabmap_ros_ws/build/rtabmap_launch
[0.547s] -- Install configuration: "MinSizeRel"
[0.547s] -- Installing: /home/diogo/rtabmap_ros_ws/install/share/rtabmap_launch/launch
[0.547s] -- Installing: /home/diogo/rtabmap_ros_ws/install/share/rtabmap_launch/launch/config
[0.547s] -- Installing: /home/diogo/rtabmap_ros_ws/install/share/rtabmap_launch/launch/config/rgbd.rviz
[0.548s] -- Installing: /home/diogo/rtabmap_ros_ws/install/share/rtabmap_launch/launch/rtabmap.launch.py
[0.548s] -- Installing: /home/diogo/rtabmap_ros_ws/install/share/ament_index/resource_index/package_run_dependencies/rtabmap_launch
[0.548s] -- Installing: /home/diogo/rtabmap_ros_ws/install/share/ament_index/resource_index/parent_prefix_path/rtabmap_launch
[0.548s] -- Installing: /home/diogo/rtabmap_ros_ws/install/share/rtabmap_launch/environment/ament_prefix_path.sh
[0.549s] -- Installing: /home/diogo/rtabmap_ros_ws/install/share/rtabmap_launch/environment/ament_prefix_path.dsv
[0.549s] -- Installing: /home/diogo/rtabmap_ros_ws/install/share/rtabmap_launch/environment/path.sh
[0.549s] -- Installing: /home/diogo/rtabmap_ros_ws/install/share/rtabmap_launch/environment/path.dsv
[0.549s] -- Installing: /home/diogo/rtabmap_ros_ws/install/share/rtabmap_launch/local_setup.bash
[0.549s] -- Installing: /home/diogo/rtabmap_ros_ws/install/share/rtabmap_launch/local_setup.sh
[0.549s] -- Installing: /home/diogo/rtabmap_ros_ws/install/share/rtabmap_launch/local_setup.zsh
[0.549s] -- Installing: /home/diogo/rtabmap_ros_ws/install/share/rtabmap_launch/local_setup.dsv
[0.549s] -- Installing: /home/diogo/rtabmap_ros_ws/install/share/rtabmap_launch/package.dsv
[0.549s] -- Installing: /home/diogo/rtabmap_ros_ws/install/share/ament_index/resource_index/packages/rtabmap_launch
[0.550s] -- Installing: /home/diogo/rtabmap_ros_ws/install/share/rtabmap_launch/cmake/rtabmap_launchConfig.cmake
[0.550s] -- Installing: /home/diogo/rtabmap_ros_ws/install/share/rtabmap_launch/cmake/rtabmap_launchConfig-version.cmake
[0.550s] -- Installing: /home/diogo/rtabmap_ros_ws/install/share/rtabmap_launch/package.xml
[0.552s] Invoked command in '/home/diogo/rtabmap_ros_ws/build/rtabmap_launch' returned '0': AMENT_PREFIX_PATH=/home/diogo/rtabmap_ros_ws/install:${AMENT_PREFIX_PATH} CMAKE_PREFIX_PATH=/home/diogo/rtabmap_ros_ws/install:/opt/ros/humble LD_LIBRARY_PATH=/home/diogo/rtabmap_ros_ws/install/lib:${LD_LIBRARY_PATH} PYTHONPATH=/home/diogo/rtabmap_ros_ws/install/lib/python3.10/site-packages:/home/diogo/rtabmap_ros_ws/install/local/lib/python3.10/dist-packages:${PYTHONPATH} /usr/bin/cmake --install /home/diogo/rtabmap_ros_ws/build/rtabmap_launch
