[0.014s] Invoking command in '/home/diogo/rtabmap_ros_ws/build/rtabmap_sync': AMENT_PREFIX_PATH=/home/diogo/rtabmap_ros_ws/install:${AMENT_PREFIX_PATH} CMAKE_PREFIX_PATH=/home/diogo/rtabmap_ros_ws/install:/opt/ros/humble LD_LIBRARY_PATH=/home/diogo/rtabmap_ros_ws/install/lib:${LD_LIBRARY_PATH} PYTHONPATH=/home/diogo/rtabmap_ros_ws/install/local/lib/python3.10/dist-packages:${PYTHONPATH} /usr/bin/cmake /home/diogo/rtabmap_ros_ws/src/rtabmap_ros/rtabmap_sync -DCMAKE_BUILD_TYPE=MinSizeRel -DCMAKE_CXX_FLAGS=-pipe -DAMENT_CMAKE_SYMLINK_INSTALL=1 -DCMAKE_INSTALL_PREFIX=/home/diogo/rtabmap_ros_ws/install
[0.064s] -- The C compiler identification is GNU 11.4.0
[0.106s] -- The CXX compiler identification is GNU 11.4.0
[0.115s] -- Detecting C compiler ABI info
[0.172s] -- Detecting C compiler ABI info - done
[0.177s] -- Check for working C compiler: /usr/bin/cc - skipped
[0.178s] -- Detecting C compile features
[0.178s] -- Detecting C compile features - done
[0.181s] -- Detecting CXX compiler ABI info
[0.244s] -- Detecting CXX compiler ABI info - done
[0.250s] -- Check for working CXX compiler: /usr/bin/c++ - skipped
[0.250s] -- Detecting CXX compile features
[0.251s] -- Detecting CXX compile features - done
[0.253s] -- Found cv_bridge: 3.2.1 (/opt/ros/humble/share/cv_bridge/cmake)
[0.368s] -- Found Python3: /usr/bin/python3 (found version "3.10.12") found components: Interpreter 
[0.418s] -- Override CMake install command with custom implementation using symlinks instead of copying resources
[0.503s] -- Found rosidl_generator_c: 3.1.6 (/opt/ros/humble/share/rosidl_generator_c/cmake)
[0.509s] -- Found rosidl_adapter: 3.1.6 (/opt/ros/humble/share/rosidl_adapter/cmake)
[0.518s] -- Found rosidl_generator_cpp: 3.1.6 (/opt/ros/humble/share/rosidl_generator_cpp/cmake)
[0.532s] -- Using all available rosidl_typesupport_c: rosidl_typesupport_fastrtps_c;rosidl_typesupport_introspection_c
[0.548s] -- Using all available rosidl_typesupport_cpp: rosidl_typesupport_fastrtps_cpp;rosidl_typesupport_introspection_cpp
[0.602s] -- Found image_transport: 3.1.11 (/opt/ros/humble/share/image_transport/cmake)
[0.647s] -- Found rmw_implementation_cmake: 6.1.2 (/opt/ros/humble/share/rmw_implementation_cmake/cmake)
[0.650s] -- Found rmw_fastrtps_cpp: 6.2.7 (/opt/ros/humble/share/rmw_fastrtps_cpp/cmake)
[0.734s] -- Found OpenSSL: /usr/lib/x86_64-linux-gnu/libcrypto.so (found version "3.0.2")  
[0.760s] -- Found FastRTPS: /opt/ros/humble/include  
[0.797s] -- Using RMW implementation 'rmw_fastrtps_cpp' as default
[0.807s] -- Looking for pthread.h
[0.866s] -- Looking for pthread.h - found
[0.866s] -- Performing Test CMAKE_HAVE_LIBC_PTHREAD
[0.926s] -- Performing Test CMAKE_HAVE_LIBC_PTHREAD - Success
[0.927s] -- Found Threads: TRUE  
[0.992s] -- Found nav_msgs: 4.8.0 (/opt/ros/humble/share/nav_msgs/cmake)
[1.008s] -- Found rclcpp_components: 16.0.12 (/opt/ros/humble/share/rclcpp_components/cmake)
[1.024s] -- Found rtabmap_conversions: 0.21.10 (/home/diogo/rtabmap_ros_ws/install/share/rtabmap_conversions/cmake)
[1.079s] -- Checking for module 'eigen3'
[1.090s] --   Found eigen3, version 3.4.0
[1.120s] -- Found Eigen: /usr/include/eigen3 (Required is at least version "3.1") 
[1.121s] -- Eigen found (include: /usr/include/eigen3, version: 3.4.0)
[1.156s] -- Checking for module 'flann'
[1.168s] --   Found flann, version 1.9.1
[1.203s] -- Found FLANN: /usr/lib/x86_64-linux-gnu/libflann_cpp.so  
[1.203s] -- FLANN found (include: /usr/include, lib: /usr/lib/x86_64-linux-gnu/libflann_cpp.so)
[1.983s] -- Checking for module 'libusb-1.0'
[1.995s] --   Found libusb-1.0, version 1.0.25
[2.028s] -- Found libusb: /usr/lib/x86_64-linux-gnu/libusb-1.0.so  
[2.029s] -- OpenNI found (version: 1.5.4.0, include: /usr/include/ni, lib: /usr/lib/libOpenNI.so;libusb::libusb)
[2.077s] -- OpenNI2 found (version: 2.2.0.33, include: /usr/include/openni2, lib: /usr/lib/x86_64-linux-gnu/libOpenNI2.so;libusb::libusb)
[2.189s] -- Eigen found (include: /usr/include/eigen3, version: 3.4.0)
[2.194s] -- OpenNI found (version: 1.5.4.0, include: /usr/include/ni, lib: /usr/lib/libOpenNI.so;libusb::libusb)
[2.199s] -- OpenNI2 found (version: 2.2.0.33, include: /usr/include/openni2, lib: /usr/lib/x86_64-linux-gnu/libOpenNI2.so;libusb::libusb)
[2.304s] -- Found Qhull version 8.0.2
[2.413s] -- OpenNI found (version: 1.5.4.0, include: /usr/include/ni, lib: /usr/lib/libOpenNI.so;libusb::libusb)
[2.515s] -- Found PCL_COMMON: /usr/lib/x86_64-linux-gnu/libpcl_common.so  
[2.516s] -- Found PCL_KDTREE: /usr/lib/x86_64-linux-gnu/libpcl_kdtree.so  
[2.516s] -- Found PCL_OCTREE: /usr/lib/x86_64-linux-gnu/libpcl_octree.so  
[2.517s] -- Found PCL_SEARCH: /usr/lib/x86_64-linux-gnu/libpcl_search.so  
[2.518s] -- Found PCL_SAMPLE_CONSENSUS: /usr/lib/x86_64-linux-gnu/libpcl_sample_consensus.so  
[2.519s] -- Found PCL_FILTERS: /usr/lib/x86_64-linux-gnu/libpcl_filters.so  
[2.519s] -- Found PCL_2D: /usr/include/pcl-1.12  
[2.519s] -- Found PCL_GEOMETRY: /usr/include/pcl-1.12  
[2.520s] -- Found PCL_IO: /usr/lib/x86_64-linux-gnu/libpcl_io.so  
[2.521s] -- Found PCL_FEATURES: /usr/lib/x86_64-linux-gnu/libpcl_features.so  
[2.521s] -- Found PCL_ML: /usr/lib/x86_64-linux-gnu/libpcl_ml.so  
[2.522s] -- Found PCL_SEGMENTATION: /usr/lib/x86_64-linux-gnu/libpcl_segmentation.so  
[2.523s] -- Found PCL_VISUALIZATION: /usr/lib/x86_64-linux-gnu/libpcl_visualization.so  
[2.524s] -- Found PCL_SURFACE: /usr/lib/x86_64-linux-gnu/libpcl_surface.so  
[2.524s] -- Found PCL_REGISTRATION: /usr/lib/x86_64-linux-gnu/libpcl_registration.so  
[2.525s] -- Found PCL_KEYPOINTS: /usr/lib/x86_64-linux-gnu/libpcl_keypoints.so  
[2.526s] -- Found PCL_TRACKING: /usr/lib/x86_64-linux-gnu/libpcl_tracking.so  
[2.526s] -- Found PCL_RECOGNITION: /usr/lib/x86_64-linux-gnu/libpcl_recognition.so  
[2.527s] -- Found PCL_STEREO: /usr/lib/x86_64-linux-gnu/libpcl_stereo.so  
[2.528s] -- Found PCL_APPS: /usr/lib/x86_64-linux-gnu/libpcl_apps.so  
[2.528s] -- Found PCL_IN_HAND_SCANNER: /usr/include/pcl-1.12  
[2.529s] -- Found PCL_MODELER: /usr/include/pcl-1.12  
[2.529s] -- Found PCL_POINT_CLOUD_EDITOR: /usr/include/pcl-1.12  
[2.530s] -- Found PCL_OUTOFCORE: /usr/lib/x86_64-linux-gnu/libpcl_outofcore.so  
[2.530s] -- Found PCL_PEOPLE: /usr/lib/x86_64-linux-gnu/libpcl_people.so  
[2.630s] -- Found Eigen3: TRUE (found version "3.4.0") 
[2.630s] -- Ensuring Eigen3 include directory is part of orocos-kdl CMake target
[2.634s] [33mCMake Warning (dev) at /usr/share/cmake-3.22/Modules/CMakeFindDependencyMacro.cmake:47 (find_package):
[2.634s]   Policy CMP0074 is not set: find_package uses <PackageName>_ROOT variables.
[2.634s]   Run "cmake --help-policy CMP0074" for policy details.  Use the cmake_policy
[2.634s]   command to set the policy and suppress this warning.
[2.634s] 
[2.634s]   CMake variable PCL_ROOT is set to:
[2.634s] 
[2.634s]     /usr
[2.635s] 
[2.635s]   For compatibility, CMake is ignoring the variable.
[2.635s] Call Stack (most recent call first):
[2.635s]   /opt/ros/humble/lib/x86_64-linux-gnu/rtabmap-0.21/RTABMapConfig.cmake:7 (find_dependency)
[2.635s]   /home/diogo/rtabmap_ros_ws/install/share/rtabmap_conversions/cmake/ament_cmake_export_dependencies-extras.cmake:21 (find_package)
[2.635s]   /home/diogo/rtabmap_ros_ws/install/share/rtabmap_conversions/cmake/rtabmap_conversionsConfig.cmake:41 (include)
[2.635s]   CMakeLists.txt:10 (find_package)
[2.635s] This warning is for project developers.  Use -Wno-dev to suppress it.
[2.635s] [0m
[2.651s] -- Found diagnostic_updater: 4.0.2 (/opt/ros/humble/share/diagnostic_updater/cmake)
[2.668s] -- RTABMAP_SYNC_MULTI_RGBD = OFF
[2.668s] -- RTABMAP_SYNC_USER_DATA  = OFF
[2.727s] -- Configuring done
[2.784s] -- Generating done
[2.799s] -- Build files have been written to: /home/diogo/rtabmap_ros_ws/build/rtabmap_sync
[2.816s] Invoked command in '/home/diogo/rtabmap_ros_ws/build/rtabmap_sync' returned '0': AMENT_PREFIX_PATH=/home/diogo/rtabmap_ros_ws/install:${AMENT_PREFIX_PATH} CMAKE_PREFIX_PATH=/home/diogo/rtabmap_ros_ws/install:/opt/ros/humble LD_LIBRARY_PATH=/home/diogo/rtabmap_ros_ws/install/lib:${LD_LIBRARY_PATH} PYTHONPATH=/home/diogo/rtabmap_ros_ws/install/local/lib/python3.10/dist-packages:${PYTHONPATH} /usr/bin/cmake /home/diogo/rtabmap_ros_ws/src/rtabmap_ros/rtabmap_sync -DCMAKE_BUILD_TYPE=MinSizeRel -DCMAKE_CXX_FLAGS=-pipe -DAMENT_CMAKE_SYMLINK_INSTALL=1 -DCMAKE_INSTALL_PREFIX=/home/diogo/rtabmap_ros_ws/install
[2.818s] Invoking command in '/home/diogo/rtabmap_ros_ws/build/rtabmap_sync': AMENT_PREFIX_PATH=/home/diogo/rtabmap_ros_ws/install:${AMENT_PREFIX_PATH} CMAKE_PREFIX_PATH=/home/diogo/rtabmap_ros_ws/install:/opt/ros/humble LD_LIBRARY_PATH=/home/diogo/rtabmap_ros_ws/install/lib:${LD_LIBRARY_PATH} PYTHONPATH=/home/diogo/rtabmap_ros_ws/install/local/lib/python3.10/dist-packages:${PYTHONPATH} /usr/bin/cmake --build /home/diogo/rtabmap_ros_ws/build/rtabmap_sync -- -j16 -l16
[2.865s] [ 33%] [32mBuilding CXX object CMakeFiles/rtabmap_sync.dir/src/impl/CommonDataSubscriberDepth.cpp.o[0m
[2.866s] [ 33%] [32mBuilding CXX object CMakeFiles/rtabmap_sync_plugins.dir/src/nodelets/rgbdx_sync.cpp.o[0m
[2.866s] [ 33%] [32mBuilding CXX object CMakeFiles/rtabmap_sync.dir/src/CommonDataSubscriber.cpp.o[0m
[2.866s] [ 33%] [32mBuilding CXX object CMakeFiles/rtabmap_sync.dir/src/impl/CommonDataSubscriberRGB.cpp.o[0m
[2.866s] [ 33%] [32mBuilding CXX object CMakeFiles/rtabmap_sync.dir/src/impl/CommonDataSubscriberRGBD.cpp.o[0m
[2.866s] [ 40%] [32mBuilding CXX object CMakeFiles/rtabmap_sync_plugins.dir/src/nodelets/rgbd_sync.cpp.o[0m
[2.866s] [ 46%] [32mBuilding CXX object CMakeFiles/rtabmap_sync.dir/src/impl/CommonDataSubscriberStereo.cpp.o[0m
[2.866s] [ 53%] [32mBuilding CXX object CMakeFiles/rtabmap_sync_plugins.dir/src/nodelets/stereo_sync.cpp.o[0m
[2.866s] [ 60%] [32mBuilding CXX object CMakeFiles/rtabmap_sync.dir/src/impl/CommonDataSubscriberRGBDX.cpp.o[0m
[2.866s] [ 66%] [32mBuilding CXX object CMakeFiles/rtabmap_sync_plugins.dir/src/nodelets/rgb_sync.cpp.o[0m
[2.866s] [ 73%] [32mBuilding CXX object CMakeFiles/rtabmap_sync.dir/src/impl/CommonDataSubscriberScan.cpp.o[0m
[2.866s] [ 80%] [32mBuilding CXX object CMakeFiles/rtabmap_sync.dir/src/impl/CommonDataSubscriberOdom.cpp.o[0m
[2.867s] [ 86%] [32mBuilding CXX object CMakeFiles/rtabmap_sync.dir/src/impl/CommonDataSubscriberSensorData.cpp.o[0m
[62.809s] [ 93%] [32m[1mLinking CXX shared library librtabmap_sync_plugins.so[0m
[64.342s] [ 93%] Built target rtabmap_sync_plugins
[86.104s] [100%] [32m[1mLinking CXX shared library librtabmap_sync.so[0m
[88.327s] [100%] Built target rtabmap_sync
[88.403s] Invoked command in '/home/diogo/rtabmap_ros_ws/build/rtabmap_sync' returned '0': AMENT_PREFIX_PATH=/home/diogo/rtabmap_ros_ws/install:${AMENT_PREFIX_PATH} CMAKE_PREFIX_PATH=/home/diogo/rtabmap_ros_ws/install:/opt/ros/humble LD_LIBRARY_PATH=/home/diogo/rtabmap_ros_ws/install/lib:${LD_LIBRARY_PATH} PYTHONPATH=/home/diogo/rtabmap_ros_ws/install/local/lib/python3.10/dist-packages:${PYTHONPATH} /usr/bin/cmake --build /home/diogo/rtabmap_ros_ws/build/rtabmap_sync -- -j16 -l16
[88.441s] Invoking command in '/home/diogo/rtabmap_ros_ws/build/rtabmap_sync': AMENT_PREFIX_PATH=/home/diogo/rtabmap_ros_ws/install:${AMENT_PREFIX_PATH} CMAKE_PREFIX_PATH=/home/diogo/rtabmap_ros_ws/install:/opt/ros/humble LD_LIBRARY_PATH=/home/diogo/rtabmap_ros_ws/install/lib:${LD_LIBRARY_PATH} PYTHONPATH=/home/diogo/rtabmap_ros_ws/install/local/lib/python3.10/dist-packages:${PYTHONPATH} /usr/bin/cmake --install /home/diogo/rtabmap_ros_ws/build/rtabmap_sync
[88.448s] -- Install configuration: "MinSizeRel"
[88.449s] -- Execute custom install script
[88.449s] -- Symlinking: /home/diogo/rtabmap_ros_ws/install/share/rtabmap_sync/environment/library_path.sh
[88.457s] -- Symlinking: /home/diogo/rtabmap_ros_ws/install/share/rtabmap_sync/environment/library_path.dsv
[88.464s] -- Symlinking: /home/diogo/rtabmap_ros_ws/install/share/ament_index/resource_index/package_run_dependencies/rtabmap_sync
[88.472s] -- Symlinking: /home/diogo/rtabmap_ros_ws/install/share/ament_index/resource_index/parent_prefix_path/rtabmap_sync
[88.479s] -- Symlinking: /home/diogo/rtabmap_ros_ws/install/share/rtabmap_sync/environment/ament_prefix_path.sh
[88.486s] -- Symlinking: /home/diogo/rtabmap_ros_ws/install/share/rtabmap_sync/environment/ament_prefix_path.dsv
[88.493s] -- Symlinking: /home/diogo/rtabmap_ros_ws/install/share/rtabmap_sync/environment/path.sh
[88.500s] -- Symlinking: /home/diogo/rtabmap_ros_ws/install/share/rtabmap_sync/environment/path.dsv
[88.507s] -- Symlinking: /home/diogo/rtabmap_ros_ws/install/share/rtabmap_sync/local_setup.bash
[88.515s] -- Symlinking: /home/diogo/rtabmap_ros_ws/install/share/rtabmap_sync/local_setup.sh
[88.522s] -- Symlinking: /home/diogo/rtabmap_ros_ws/install/share/rtabmap_sync/local_setup.zsh
[88.529s] -- Symlinking: /home/diogo/rtabmap_ros_ws/install/share/rtabmap_sync/local_setup.dsv
[88.537s] -- Symlinking: /home/diogo/rtabmap_ros_ws/install/share/rtabmap_sync/package.dsv
[88.544s] -- Symlinking: /home/diogo/rtabmap_ros_ws/install/share/ament_index/resource_index/packages/rtabmap_sync
[88.551s] -- Symlinking: /home/diogo/rtabmap_ros_ws/install/share/ament_index/resource_index/rclcpp_components/rtabmap_sync
[88.559s] -- Symlinking: /home/diogo/rtabmap_ros_ws/install/share/rtabmap_sync/cmake/extra_configs.cmake
[88.566s] -- Symlinking: /home/diogo/rtabmap_ros_ws/install/share/rtabmap_sync/cmake/ament_cmake_export_dependencies-extras.cmake
[88.573s] -- Symlinking: /home/diogo/rtabmap_ros_ws/install/share/rtabmap_sync/cmake/ament_cmake_export_include_directories-extras.cmake
[88.580s] -- Symlinking: /home/diogo/rtabmap_ros_ws/install/share/rtabmap_sync/cmake/ament_cmake_export_targets-extras.cmake
[88.588s] -- Symlinking: /home/diogo/rtabmap_ros_ws/install/share/rtabmap_sync/cmake/ament_cmake_export_libraries-extras.cmake
[88.595s] -- Symlinking: /home/diogo/rtabmap_ros_ws/install/share/rtabmap_sync/cmake/rtabmap_syncConfig.cmake
[88.602s] -- Symlinking: /home/diogo/rtabmap_ros_ws/install/share/rtabmap_sync/cmake/rtabmap_syncConfig-version.cmake
[88.610s] -- Symlinking: /home/diogo/rtabmap_ros_ws/install/share/rtabmap_sync/package.xml
[88.618s] -- Installing: /home/diogo/rtabmap_ros_ws/install/lib/librtabmap_sync.so
[88.641s] -- Set runtime path of "/home/diogo/rtabmap_ros_ws/install/lib/librtabmap_sync.so" to ""
[88.641s] -- Installing: /home/diogo/rtabmap_ros_ws/install/lib/librtabmap_sync_plugins.so
[88.645s] -- Set runtime path of "/home/diogo/rtabmap_ros_ws/install/lib/librtabmap_sync_plugins.so" to ""
[88.645s] -- Up-to-date: /home/diogo/rtabmap_ros_ws/install/include
[88.646s] -- Installing: /home/diogo/rtabmap_ros_ws/install/include/rtabmap_sync
[88.646s] -- Installing: /home/diogo/rtabmap_ros_ws/install/include/rtabmap_sync/visibility.h
[88.646s] -- Installing: /home/diogo/rtabmap_ros_ws/install/include/rtabmap_sync/CommonDataSubscriberDefines.h
[88.646s] -- Installing: /home/diogo/rtabmap_ros_ws/install/include/rtabmap_sync/SyncDiagnostic.h
[88.647s] -- Installing: /home/diogo/rtabmap_ros_ws/install/include/rtabmap_sync/GetTopicName.h
[88.647s] -- Installing: /home/diogo/rtabmap_ros_ws/install/include/rtabmap_sync/CommonDataSubscriber.h
[88.647s] -- Installing: /home/diogo/rtabmap_ros_ws/install/share/rtabmap_sync/cmake/rtabmap_syncExport.cmake
[88.647s] -- Installing: /home/diogo/rtabmap_ros_ws/install/share/rtabmap_sync/cmake/rtabmap_syncExport-minsizerel.cmake
[88.661s] Invoked command in '/home/diogo/rtabmap_ros_ws/build/rtabmap_sync' returned '0': AMENT_PREFIX_PATH=/home/diogo/rtabmap_ros_ws/install:${AMENT_PREFIX_PATH} CMAKE_PREFIX_PATH=/home/diogo/rtabmap_ros_ws/install:/opt/ros/humble LD_LIBRARY_PATH=/home/diogo/rtabmap_ros_ws/install/lib:${LD_LIBRARY_PATH} PYTHONPATH=/home/diogo/rtabmap_ros_ws/install/local/lib/python3.10/dist-packages:${PYTHONPATH} /usr/bin/cmake --install /home/diogo/rtabmap_ros_ws/build/rtabmap_sync
