[0.012s] Invoking command in '/home/diogo/rtabmap_ros_ws/build/rtabmap_viz': AMENT_PREFIX_PATH=/home/diogo/rtabmap_ros_ws/install:${AMENT_PREFIX_PATH} CMAKE_PREFIX_PATH=/home/diogo/rtabmap_ros_ws/install:/opt/ros/humble LD_LIBRARY_PATH=/home/diogo/rtabmap_ros_ws/install/lib:${LD_LIBRARY_PATH} PYTHONPATH=/home/diogo/rtabmap_ros_ws/install/local/lib/python3.10/dist-packages:${PYTHONPATH} /usr/bin/cmake /home/diogo/rtabmap_ros_ws/src/rtabmap_ros/rtabmap_viz -DCMAKE_BUILD_TYPE=MinSizeRel -DCMAKE_CXX_FLAGS=-pipe -DCMAKE_INSTALL_PREFIX=/home/diogo/rtabmap_ros_ws/install
[0.055s] -- The C compiler identification is GNU 11.4.0
[0.100s] -- The CXX compiler identification is GNU 11.4.0
[0.106s] -- Detecting C compiler ABI info
[0.166s] -- Detecting C compiler ABI info - done
[0.171s] -- Check for working C compiler: /usr/bin/cc - skipped
[0.171s] -- Detecting C compile features
[0.171s] -- Detecting C compile features - done
[0.173s] -- Detecting CXX compiler ABI info
[0.239s] -- Detecting CXX compiler ABI info - done
[0.244s] -- Check for working CXX compiler: /usr/bin/c++ - skipped
[0.244s] -- Detecting CXX compile features
[0.244s] -- Detecting CXX compile features - done
[0.247s] -- Found ament_cmake: 1.3.11 (/opt/ros/humble/share/ament_cmake/cmake)
[0.361s] -- Found Python3: /usr/bin/python3 (found version "3.10.12") found components: Interpreter 
[0.436s] -- Found cv_bridge: 3.2.1 (/opt/ros/humble/share/cv_bridge/cmake)
[0.476s] -- Found rosidl_generator_c: 3.1.6 (/opt/ros/humble/share/rosidl_generator_c/cmake)
[0.481s] -- Found rosidl_adapter: 3.1.6 (/opt/ros/humble/share/rosidl_adapter/cmake)
[0.488s] -- Found rosidl_generator_cpp: 3.1.6 (/opt/ros/humble/share/rosidl_generator_cpp/cmake)
[0.498s] -- Using all available rosidl_typesupport_c: rosidl_typesupport_fastrtps_c;rosidl_typesupport_introspection_c
[0.511s] -- Using all available rosidl_typesupport_cpp: rosidl_typesupport_fastrtps_cpp;rosidl_typesupport_introspection_cpp
[0.556s] -- Found rclcpp: 16.0.12 (/opt/ros/humble/share/rclcpp/cmake)
[0.587s] -- Found rmw_implementation_cmake: 6.1.2 (/opt/ros/humble/share/rmw_implementation_cmake/cmake)
[0.589s] -- Found rmw_fastrtps_cpp: 6.2.7 (/opt/ros/humble/share/rmw_fastrtps_cpp/cmake)
[0.667s] -- Found OpenSSL: /usr/lib/x86_64-linux-gnu/libcrypto.so (found version "3.0.2")  
[0.694s] -- Found FastRTPS: /opt/ros/humble/include  
[0.733s] -- Using RMW implementation 'rmw_fastrtps_cpp' as default
[0.741s] -- Looking for pthread.h
[0.807s] -- Looking for pthread.h - found
[0.807s] -- Performing Test CMAKE_HAVE_LIBC_PTHREAD
[0.870s] -- Performing Test CMAKE_HAVE_LIBC_PTHREAD - Success
[0.871s] -- Found Threads: TRUE  
[0.902s] -- Found std_srvs: 4.8.0 (/opt/ros/humble/share/std_srvs/cmake)
[0.910s] -- Found nav_msgs: 4.8.0 (/opt/ros/humble/share/nav_msgs/cmake)
[0.922s] -- Found rtabmap_msgs: 0.21.10 (/home/diogo/rtabmap_ros_ws/install/share/rtabmap_msgs/cmake)
[0.937s] -- Found rtabmap_sync: 0.21.10 (/home/diogo/rtabmap_ros_ws/install/share/rtabmap_sync/cmake)
[1.034s] -- Checking for module 'eigen3'
[1.046s] --   Found eigen3, version 3.4.0
[1.079s] -- Found Eigen: /usr/include/eigen3 (Required is at least version "3.1") 
[1.079s] -- Eigen found (include: /usr/include/eigen3, version: 3.4.0)
[1.113s] -- Checking for module 'flann'
[1.126s] --   Found flann, version 1.9.1
[1.167s] -- Found FLANN: /usr/lib/x86_64-linux-gnu/libflann_cpp.so  
[1.167s] -- FLANN found (include: /usr/include, lib: /usr/lib/x86_64-linux-gnu/libflann_cpp.so)
[1.941s] -- Checking for module 'libusb-1.0'
[1.953s] --   Found libusb-1.0, version 1.0.25
[1.989s] -- Found libusb: /usr/lib/x86_64-linux-gnu/libusb-1.0.so  
[1.990s] -- OpenNI found (version: 1.5.4.0, include: /usr/include/ni, lib: /usr/lib/libOpenNI.so;libusb::libusb)
[2.043s] -- OpenNI2 found (version: 2.2.0.33, include: /usr/include/openni2, lib: /usr/lib/x86_64-linux-gnu/libOpenNI2.so;libusb::libusb)
[2.158s] -- Eigen found (include: /usr/include/eigen3, version: 3.4.0)
[2.163s] -- OpenNI found (version: 1.5.4.0, include: /usr/include/ni, lib: /usr/lib/libOpenNI.so;libusb::libusb)
[2.168s] -- OpenNI2 found (version: 2.2.0.33, include: /usr/include/openni2, lib: /usr/lib/x86_64-linux-gnu/libOpenNI2.so;libusb::libusb)
[2.274s] -- Found Qhull version 8.0.2
[2.387s] -- OpenNI found (version: 1.5.4.0, include: /usr/include/ni, lib: /usr/lib/libOpenNI.so;libusb::libusb)
[2.501s] -- Found PCL_COMMON: /usr/lib/x86_64-linux-gnu/libpcl_common.so  
[2.501s] -- Found PCL_KDTREE: /usr/lib/x86_64-linux-gnu/libpcl_kdtree.so  
[2.502s] -- Found PCL_OCTREE: /usr/lib/x86_64-linux-gnu/libpcl_octree.so  
[2.502s] -- Found PCL_SEARCH: /usr/lib/x86_64-linux-gnu/libpcl_search.so  
[2.503s] -- Found PCL_SAMPLE_CONSENSUS: /usr/lib/x86_64-linux-gnu/libpcl_sample_consensus.so  
[2.504s] -- Found PCL_FILTERS: /usr/lib/x86_64-linux-gnu/libpcl_filters.so  
[2.504s] -- Found PCL_2D: /usr/include/pcl-1.12  
[2.504s] -- Found PCL_GEOMETRY: /usr/include/pcl-1.12  
[2.505s] -- Found PCL_IO: /usr/lib/x86_64-linux-gnu/libpcl_io.so  
[2.506s] -- Found PCL_FEATURES: /usr/lib/x86_64-linux-gnu/libpcl_features.so  
[2.507s] -- Found PCL_ML: /usr/lib/x86_64-linux-gnu/libpcl_ml.so  
[2.507s] -- Found PCL_SEGMENTATION: /usr/lib/x86_64-linux-gnu/libpcl_segmentation.so  
[2.508s] -- Found PCL_VISUALIZATION: /usr/lib/x86_64-linux-gnu/libpcl_visualization.so  
[2.509s] -- Found PCL_SURFACE: /usr/lib/x86_64-linux-gnu/libpcl_surface.so  
[2.509s] -- Found PCL_REGISTRATION: /usr/lib/x86_64-linux-gnu/libpcl_registration.so  
[2.510s] -- Found PCL_KEYPOINTS: /usr/lib/x86_64-linux-gnu/libpcl_keypoints.so  
[2.511s] -- Found PCL_TRACKING: /usr/lib/x86_64-linux-gnu/libpcl_tracking.so  
[2.512s] -- Found PCL_RECOGNITION: /usr/lib/x86_64-linux-gnu/libpcl_recognition.so  
[2.512s] -- Found PCL_STEREO: /usr/lib/x86_64-linux-gnu/libpcl_stereo.so  
[2.513s] -- Found PCL_APPS: /usr/lib/x86_64-linux-gnu/libpcl_apps.so  
[2.514s] -- Found PCL_IN_HAND_SCANNER: /usr/include/pcl-1.12  
[2.514s] -- Found PCL_MODELER: /usr/include/pcl-1.12  
[2.514s] -- Found PCL_POINT_CLOUD_EDITOR: /usr/include/pcl-1.12  
[2.516s] -- Found PCL_OUTOFCORE: /usr/lib/x86_64-linux-gnu/libpcl_outofcore.so  
[2.516s] -- Found PCL_PEOPLE: /usr/lib/x86_64-linux-gnu/libpcl_people.so  
[2.584s] -- Found Eigen3: TRUE (found version "3.4.0") 
[2.584s] -- Ensuring Eigen3 include directory is part of orocos-kdl CMake target
[2.587s] [33mCMake Warning (dev) at /usr/share/cmake-3.22/Modules/CMakeFindDependencyMacro.cmake:47 (find_package):
[2.587s]   Policy CMP0074 is not set: find_package uses <PackageName>_ROOT variables.
[2.587s]   Run "cmake --help-policy CMP0074" for policy details.  Use the cmake_policy
[2.588s]   command to set the policy and suppress this warning.
[2.588s] 
[2.588s]   CMake variable PCL_ROOT is set to:
[2.588s] 
[2.588s]     /usr
[2.588s] 
[2.588s]   For compatibility, CMake is ignoring the variable.
[2.588s] Call Stack (most recent call first):
[2.588s]   /opt/ros/humble/lib/x86_64-linux-gnu/rtabmap-0.21/RTABMapConfig.cmake:7 (find_dependency)
[2.588s]   /home/diogo/rtabmap_ros_ws/install/share/rtabmap_conversions/cmake/ament_cmake_export_dependencies-extras.cmake:21 (find_package)
[2.588s]   /home/diogo/rtabmap_ros_ws/install/share/rtabmap_conversions/cmake/rtabmap_conversionsConfig.cmake:41 (include)
[2.588s]   /home/diogo/rtabmap_ros_ws/install/share/rtabmap_sync/cmake/ament_cmake_export_dependencies-extras.cmake:21 (find_package)
[2.588s]   /home/diogo/rtabmap_ros_ws/install/share/rtabmap_sync/cmake/rtabmap_syncConfig.cmake:41 (include)
[2.588s]   CMakeLists.txt:16 (find_package)
[2.588s] This warning is for project developers.  Use -Wno-dev to suppress it.
[2.588s] [0m
[2.624s] -- Found OpenCV: /usr (found version "4.5.4") found components: core calib3d imgproc highgui stitching photo video aruco objdetect missing components: xfeatures2d nonfree gpu cudafeatures2d
[2.688s] -- Configuring done
[2.726s] -- Generating done
[2.736s] -- Build files have been written to: /home/diogo/rtabmap_ros_ws/build/rtabmap_viz
[2.761s] Invoked command in '/home/diogo/rtabmap_ros_ws/build/rtabmap_viz' returned '0': AMENT_PREFIX_PATH=/home/diogo/rtabmap_ros_ws/install:${AMENT_PREFIX_PATH} CMAKE_PREFIX_PATH=/home/diogo/rtabmap_ros_ws/install:/opt/ros/humble LD_LIBRARY_PATH=/home/diogo/rtabmap_ros_ws/install/lib:${LD_LIBRARY_PATH} PYTHONPATH=/home/diogo/rtabmap_ros_ws/install/local/lib/python3.10/dist-packages:${PYTHONPATH} /usr/bin/cmake /home/diogo/rtabmap_ros_ws/src/rtabmap_ros/rtabmap_viz -DCMAKE_BUILD_TYPE=MinSizeRel -DCMAKE_CXX_FLAGS=-pipe -DCMAKE_INSTALL_PREFIX=/home/diogo/rtabmap_ros_ws/install
[2.762s] Invoking command in '/home/diogo/rtabmap_ros_ws/build/rtabmap_viz': AMENT_PREFIX_PATH=/home/diogo/rtabmap_ros_ws/install:${AMENT_PREFIX_PATH} CMAKE_PREFIX_PATH=/home/diogo/rtabmap_ros_ws/install:/opt/ros/humble LD_LIBRARY_PATH=/home/diogo/rtabmap_ros_ws/install/lib:${LD_LIBRARY_PATH} PYTHONPATH=/home/diogo/rtabmap_ros_ws/install/local/lib/python3.10/dist-packages:${PYTHONPATH} /usr/bin/cmake --build /home/diogo/rtabmap_ros_ws/build/rtabmap_viz -- -j16 -l16
[2.813s] [ 75%] [32mBuilding CXX object CMakeFiles/rtabmap_viz.dir/src/PreferencesDialogROS.cpp.o[0m
[2.814s] [ 75%] [32mBuilding CXX object CMakeFiles/rtabmap_viz.dir/src/GuiNode.cpp.o[0m
[2.814s] [ 75%] [32mBuilding CXX object CMakeFiles/rtabmap_viz.dir/src/GuiWrapper.cpp.o[0m
[30.649s] [100%] [32m[1mLinking CXX executable rtabmap_viz[0m
[33.346s] [100%] Built target rtabmap_viz
[33.356s] Invoked command in '/home/diogo/rtabmap_ros_ws/build/rtabmap_viz' returned '0': AMENT_PREFIX_PATH=/home/diogo/rtabmap_ros_ws/install:${AMENT_PREFIX_PATH} CMAKE_PREFIX_PATH=/home/diogo/rtabmap_ros_ws/install:/opt/ros/humble LD_LIBRARY_PATH=/home/diogo/rtabmap_ros_ws/install/lib:${LD_LIBRARY_PATH} PYTHONPATH=/home/diogo/rtabmap_ros_ws/install/local/lib/python3.10/dist-packages:${PYTHONPATH} /usr/bin/cmake --build /home/diogo/rtabmap_ros_ws/build/rtabmap_viz -- -j16 -l16
[33.358s] Invoking command in '/home/diogo/rtabmap_ros_ws/build/rtabmap_viz': AMENT_PREFIX_PATH=/home/diogo/rtabmap_ros_ws/install:${AMENT_PREFIX_PATH} CMAKE_PREFIX_PATH=/home/diogo/rtabmap_ros_ws/install:/opt/ros/humble LD_LIBRARY_PATH=/home/diogo/rtabmap_ros_ws/install/lib:${LD_LIBRARY_PATH} PYTHONPATH=/home/diogo/rtabmap_ros_ws/install/local/lib/python3.10/dist-packages:${PYTHONPATH} /usr/bin/cmake --install /home/diogo/rtabmap_ros_ws/build/rtabmap_viz
[33.364s] -- Install configuration: "MinSizeRel"
[33.364s] -- Installing: /home/diogo/rtabmap_ros_ws/install/lib/rtabmap_viz/rtabmap_viz
[33.367s] -- Set runtime path of "/home/diogo/rtabmap_ros_ws/install/lib/rtabmap_viz/rtabmap_viz" to ""
[33.367s] -- Installing: /home/diogo/rtabmap_ros_ws/install/share/ament_index/resource_index/package_run_dependencies/rtabmap_viz
[33.367s] -- Installing: /home/diogo/rtabmap_ros_ws/install/share/ament_index/resource_index/parent_prefix_path/rtabmap_viz
[33.367s] -- Installing: /home/diogo/rtabmap_ros_ws/install/share/rtabmap_viz/environment/ament_prefix_path.sh
[33.367s] -- Installing: /home/diogo/rtabmap_ros_ws/install/share/rtabmap_viz/environment/ament_prefix_path.dsv
[33.367s] -- Installing: /home/diogo/rtabmap_ros_ws/install/share/rtabmap_viz/environment/path.sh
[33.368s] -- Installing: /home/diogo/rtabmap_ros_ws/install/share/rtabmap_viz/environment/path.dsv
[33.368s] -- Installing: /home/diogo/rtabmap_ros_ws/install/share/rtabmap_viz/local_setup.bash
[33.368s] -- Installing: /home/diogo/rtabmap_ros_ws/install/share/rtabmap_viz/local_setup.sh
[33.368s] -- Installing: /home/diogo/rtabmap_ros_ws/install/share/rtabmap_viz/local_setup.zsh
[33.368s] -- Installing: /home/diogo/rtabmap_ros_ws/install/share/rtabmap_viz/local_setup.dsv
[33.368s] -- Installing: /home/diogo/rtabmap_ros_ws/install/share/rtabmap_viz/package.dsv
[33.368s] -- Installing: /home/diogo/rtabmap_ros_ws/install/share/ament_index/resource_index/packages/rtabmap_viz
[33.368s] -- Installing: /home/diogo/rtabmap_ros_ws/install/share/rtabmap_viz/cmake/rtabmap_vizConfig.cmake
[33.369s] -- Installing: /home/diogo/rtabmap_ros_ws/install/share/rtabmap_viz/cmake/rtabmap_vizConfig-version.cmake
[33.369s] -- Installing: /home/diogo/rtabmap_ros_ws/install/share/rtabmap_viz/package.xml
[33.371s] Invoked command in '/home/diogo/rtabmap_ros_ws/build/rtabmap_viz' returned '0': AMENT_PREFIX_PATH=/home/diogo/rtabmap_ros_ws/install:${AMENT_PREFIX_PATH} CMAKE_PREFIX_PATH=/home/diogo/rtabmap_ros_ws/install:/opt/ros/humble LD_LIBRARY_PATH=/home/diogo/rtabmap_ros_ws/install/lib:${LD_LIBRARY_PATH} PYTHONPATH=/home/diogo/rtabmap_ros_ws/install/local/lib/python3.10/dist-packages:${PYTHONPATH} /usr/bin/cmake --install /home/diogo/rtabmap_ros_ws/build/rtabmap_viz
