[0.536s] Invoking command in '/home/diogo/rtabmap_ros_ws/src/rtabmap_ros/rtabmap_python': PYTHONPATH=/home/diogo/rtabmap_ros_ws/build/rtabmap_python/prefix_override:/usr/lib/python3/dist-packages/colcon_core/task/python/colcon_distutils_commands:/home/diogo/rtabmap_ros_ws/install/lib/python3.10/site-packages:${PYTHONPATH} /usr/bin/python3 -W ignore:setup.py install is deprecated -W ignore:easy_install command is deprecated setup.py egg_info --egg-base ../../../build/rtabmap_python build --build-base /home/diogo/rtabmap_ros_ws/build/rtabmap_python/build install --record /home/diogo/rtabmap_ros_ws/build/rtabmap_python/install.log --single-version-externally-managed install_data
[0.720s] running egg_info
[0.720s] creating ../../../build/rtabmap_python/rtabmap_python.egg-info
[0.720s] writing ../../../build/rtabmap_python/rtabmap_python.egg-info/PKG-INFO
[0.721s] writing dependency_links to ../../../build/rtabmap_python/rtabmap_python.egg-info/dependency_links.txt
[0.721s] writing entry points to ../../../build/rtabmap_python/rtabmap_python.egg-info/entry_points.txt
[0.721s] writing requirements to ../../../build/rtabmap_python/rtabmap_python.egg-info/requires.txt
[0.721s] writing top-level names to ../../../build/rtabmap_python/rtabmap_python.egg-info/top_level.txt
[0.721s] writing manifest file '../../../build/rtabmap_python/rtabmap_python.egg-info/SOURCES.txt'
[0.723s] reading manifest file '../../../build/rtabmap_python/rtabmap_python.egg-info/SOURCES.txt'
[0.723s] writing manifest file '../../../build/rtabmap_python/rtabmap_python.egg-info/SOURCES.txt'
[0.723s] running build
[0.723s] running build_py
[0.723s] creating /home/diogo/rtabmap_ros_ws/build/rtabmap_python/build
[0.724s] creating /home/diogo/rtabmap_ros_ws/build/rtabmap_python/build/lib
[0.724s] creating /home/diogo/rtabmap_ros_ws/build/rtabmap_python/build/lib/rtabmap_python
[0.724s] copying rtabmap_python/__init__.py -> /home/diogo/rtabmap_ros_ws/build/rtabmap_python/build/lib/rtabmap_python
[0.724s] copying rtabmap_python/compression.py -> /home/diogo/rtabmap_ros_ws/build/rtabmap_python/build/lib/rtabmap_python
[0.724s] running install
[0.724s] running install_lib
[0.725s] creating /home/diogo/rtabmap_ros_ws/install/lib/python3.10/site-packages/rtabmap_python
[0.725s] copying /home/diogo/rtabmap_ros_ws/build/rtabmap_python/build/lib/rtabmap_python/__init__.py -> /home/diogo/rtabmap_ros_ws/install/lib/python3.10/site-packages/rtabmap_python
[0.725s] copying /home/diogo/rtabmap_ros_ws/build/rtabmap_python/build/lib/rtabmap_python/compression.py -> /home/diogo/rtabmap_ros_ws/install/lib/python3.10/site-packages/rtabmap_python
[0.725s] byte-compiling /home/diogo/rtabmap_ros_ws/install/lib/python3.10/site-packages/rtabmap_python/__init__.py to __init__.cpython-310.pyc
[0.725s] byte-compiling /home/diogo/rtabmap_ros_ws/install/lib/python3.10/site-packages/rtabmap_python/compression.py to compression.cpython-310.pyc
[0.726s] running install_data
[0.726s] copying resource/rtabmap_python -> /home/diogo/rtabmap_ros_ws/install/share/ament_index/resource_index/packages
[0.726s] copying package.xml -> /home/diogo/rtabmap_ros_ws/install/share/rtabmap_python
[0.726s] running install_egg_info
[0.727s] Copying ../../../build/rtabmap_python/rtabmap_python.egg-info to /home/diogo/rtabmap_ros_ws/install/lib/python3.10/site-packages/rtabmap_python-0.1.0-py3.10.egg-info
[0.728s] running install_scripts
[0.743s] writing list of installed files to '/home/diogo/rtabmap_ros_ws/build/rtabmap_python/install.log'
[0.763s] Invoked command in '/home/diogo/rtabmap_ros_ws/src/rtabmap_ros/rtabmap_python' returned '0': PYTHONPATH=/home/diogo/rtabmap_ros_ws/build/rtabmap_python/prefix_override:/usr/lib/python3/dist-packages/colcon_core/task/python/colcon_distutils_commands:/home/diogo/rtabmap_ros_ws/install/lib/python3.10/site-packages:${PYTHONPATH} /usr/bin/python3 -W ignore:setup.py install is deprecated -W ignore:easy_install command is deprecated setup.py egg_info --egg-base ../../../build/rtabmap_python build --build-base /home/diogo/rtabmap_ros_ws/build/rtabmap_python/build install --record /home/diogo/rtabmap_ros_ws/build/rtabmap_python/install.log --single-version-externally-managed install_data
