[0.023s] Invoking command in '/home/diogo/rtabmap_ros_ws/build/rtabmap_ros': AMENT_PREFIX_PATH=/home/diogo/rtabmap_ros_ws/install:${AMENT_PREFIX_PATH} CMAKE_PREFIX_PATH=/home/diogo/rtabmap_ros_ws/install:/opt/ros/humble LD_LIBRARY_PATH=/home/diogo/rtabmap_ros_ws/install/lib:${LD_LIBRARY_PATH} PYTHONPATH=/home/diogo/rtabmap_ros_ws/install/lib/python3.10/site-packages:/home/diogo/rtabmap_ros_ws/install/local/lib/python3.10/dist-packages:${PYTHONPATH} /usr/bin/cmake /home/diogo/rtabmap_ros_ws/src/rtabmap_ros/rtabmap_ros -DCMAKE_BUILD_TYPE=MinSizeRel -DCMAKE_CXX_FLAGS=-pipe -DCMAKE_INSTALL_PREFIX=/home/diogo/rtabmap_ros_ws/install
[0.069s] -- The C compiler identification is GNU 11.4.0
[0.112s] -- The CXX compiler identification is GNU 11.4.0
[0.118s] -- Detecting C compiler ABI info
[0.179s] -- Detecting C compiler ABI info - done
[0.184s] -- Check for working C compiler: /usr/bin/cc - skipped
[0.184s] -- Detecting C compile features
[0.185s] -- Detecting C compile features - done
[0.187s] -- Detecting CXX compiler ABI info
[0.252s] -- Detecting CXX compiler ABI info - done
[0.258s] -- Check for working CXX compiler: /usr/bin/c++ - skipped
[0.258s] -- Detecting CXX compile features
[0.258s] -- Detecting CXX compile features - done
[0.261s] -- Found ament_cmake: 1.3.11 (/opt/ros/humble/share/ament_cmake/cmake)
[0.378s] -- Found Python3: /usr/bin/python3 (found version "3.10.12") found components: Interpreter 
[0.499s] -- Configuring done
[0.502s] -- Generating done
[0.503s] -- Build files have been written to: /home/diogo/rtabmap_ros_ws/build/rtabmap_ros
[0.507s] Invoked command in '/home/diogo/rtabmap_ros_ws/build/rtabmap_ros' returned '0': AMENT_PREFIX_PATH=/home/diogo/rtabmap_ros_ws/install:${AMENT_PREFIX_PATH} CMAKE_PREFIX_PATH=/home/diogo/rtabmap_ros_ws/install:/opt/ros/humble LD_LIBRARY_PATH=/home/diogo/rtabmap_ros_ws/install/lib:${LD_LIBRARY_PATH} PYTHONPATH=/home/diogo/rtabmap_ros_ws/install/lib/python3.10/site-packages:/home/diogo/rtabmap_ros_ws/install/local/lib/python3.10/dist-packages:${PYTHONPATH} /usr/bin/cmake /home/diogo/rtabmap_ros_ws/src/rtabmap_ros/rtabmap_ros -DCMAKE_BUILD_TYPE=MinSizeRel -DCMAKE_CXX_FLAGS=-pipe -DCMAKE_INSTALL_PREFIX=/home/diogo/rtabmap_ros_ws/install
[0.508s] Invoking command in '/home/diogo/rtabmap_ros_ws/build/rtabmap_ros': AMENT_PREFIX_PATH=/home/diogo/rtabmap_ros_ws/install:${AMENT_PREFIX_PATH} CMAKE_PREFIX_PATH=/home/diogo/rtabmap_ros_ws/install:/opt/ros/humble LD_LIBRARY_PATH=/home/diogo/rtabmap_ros_ws/install/lib:${LD_LIBRARY_PATH} PYTHONPATH=/home/diogo/rtabmap_ros_ws/install/lib/python3.10/site-packages:/home/diogo/rtabmap_ros_ws/install/local/lib/python3.10/dist-packages:${PYTHONPATH} /usr/bin/cmake --build /home/diogo/rtabmap_ros_ws/build/rtabmap_ros -- -j16 -l16
[0.543s] Invoked command in '/home/diogo/rtabmap_ros_ws/build/rtabmap_ros' returned '0': AMENT_PREFIX_PATH=/home/diogo/rtabmap_ros_ws/install:${AMENT_PREFIX_PATH} CMAKE_PREFIX_PATH=/home/diogo/rtabmap_ros_ws/install:/opt/ros/humble LD_LIBRARY_PATH=/home/diogo/rtabmap_ros_ws/install/lib:${LD_LIBRARY_PATH} PYTHONPATH=/home/diogo/rtabmap_ros_ws/install/lib/python3.10/site-packages:/home/diogo/rtabmap_ros_ws/install/local/lib/python3.10/dist-packages:${PYTHONPATH} /usr/bin/cmake --build /home/diogo/rtabmap_ros_ws/build/rtabmap_ros -- -j16 -l16
[0.545s] Invoking command in '/home/diogo/rtabmap_ros_ws/build/rtabmap_ros': AMENT_PREFIX_PATH=/home/diogo/rtabmap_ros_ws/install:${AMENT_PREFIX_PATH} CMAKE_PREFIX_PATH=/home/diogo/rtabmap_ros_ws/install:/opt/ros/humble LD_LIBRARY_PATH=/home/diogo/rtabmap_ros_ws/install/lib:${LD_LIBRARY_PATH} PYTHONPATH=/home/diogo/rtabmap_ros_ws/install/lib/python3.10/site-packages:/home/diogo/rtabmap_ros_ws/install/local/lib/python3.10/dist-packages:${PYTHONPATH} /usr/bin/cmake --install /home/diogo/rtabmap_ros_ws/build/rtabmap_ros
[0.551s] -- Install configuration: "MinSizeRel"
[0.551s] -- Installing: /home/diogo/rtabmap_ros_ws/install/share/ament_index/resource_index/package_run_dependencies/rtabmap_ros
[0.551s] -- Installing: /home/diogo/rtabmap_ros_ws/install/share/ament_index/resource_index/parent_prefix_path/rtabmap_ros
[0.551s] -- Installing: /home/diogo/rtabmap_ros_ws/install/share/rtabmap_ros/environment/ament_prefix_path.sh
[0.552s] -- Installing: /home/diogo/rtabmap_ros_ws/install/share/rtabmap_ros/environment/ament_prefix_path.dsv
[0.552s] -- Installing: /home/diogo/rtabmap_ros_ws/install/share/rtabmap_ros/environment/path.sh
[0.552s] -- Installing: /home/diogo/rtabmap_ros_ws/install/share/rtabmap_ros/environment/path.dsv
[0.552s] -- Installing: /home/diogo/rtabmap_ros_ws/install/share/rtabmap_ros/local_setup.bash
[0.552s] -- Installing: /home/diogo/rtabmap_ros_ws/install/share/rtabmap_ros/local_setup.sh
[0.552s] -- Installing: /home/diogo/rtabmap_ros_ws/install/share/rtabmap_ros/local_setup.zsh
[0.552s] -- Installing: /home/diogo/rtabmap_ros_ws/install/share/rtabmap_ros/local_setup.dsv
[0.553s] -- Installing: /home/diogo/rtabmap_ros_ws/install/share/rtabmap_ros/package.dsv
[0.553s] -- Installing: /home/diogo/rtabmap_ros_ws/install/share/ament_index/resource_index/packages/rtabmap_ros
[0.553s] -- Installing: /home/diogo/rtabmap_ros_ws/install/share/rtabmap_ros/cmake/rtabmap_rosConfig.cmake
[0.553s] -- Installing: /home/diogo/rtabmap_ros_ws/install/share/rtabmap_ros/cmake/rtabmap_rosConfig-version.cmake
[0.553s] -- Installing: /home/diogo/rtabmap_ros_ws/install/share/rtabmap_ros/package.xml
[0.555s] Invoked command in '/home/diogo/rtabmap_ros_ws/build/rtabmap_ros' returned '0': AMENT_PREFIX_PATH=/home/diogo/rtabmap_ros_ws/install:${AMENT_PREFIX_PATH} CMAKE_PREFIX_PATH=/home/diogo/rtabmap_ros_ws/install:/opt/ros/humble LD_LIBRARY_PATH=/home/diogo/rtabmap_ros_ws/install/lib:${LD_LIBRARY_PATH} PYTHONPATH=/home/diogo/rtabmap_ros_ws/install/lib/python3.10/site-packages:/home/diogo/rtabmap_ros_ws/install/local/lib/python3.10/dist-packages:${PYTHONPATH} /usr/bin/cmake --install /home/diogo/rtabmap_ros_ws/build/rtabmap_ros
