[0.015s] Invoking command in '/home/diogo/rtabmap_ros_ws/build/rtabmap_odom': AMENT_PREFIX_PATH=/home/diogo/rtabmap_ros_ws/install:${AMENT_PREFIX_PATH} CMAKE_PREFIX_PATH=/home/diogo/rtabmap_ros_ws/install:/opt/ros/humble LD_LIBRARY_PATH=/home/diogo/rtabmap_ros_ws/install/lib:${LD_LIBRARY_PATH} PYTHONPATH=/home/diogo/rtabmap_ros_ws/install/local/lib/python3.10/dist-packages:${PYTHONPATH} /usr/bin/cmake /home/diogo/rtabmap_ros_ws/src/rtabmap_ros/rtabmap_odom -DCMAKE_BUILD_TYPE=MinSizeRel -DCMAKE_CXX_FLAGS=-pipe -DCMAKE_INSTALL_PREFIX=/home/diogo/rtabmap_ros_ws/install
[0.059s] -- The C compiler identification is GNU 11.4.0
[0.104s] -- The CXX compiler identification is GNU 11.4.0
[0.110s] -- Detecting C compiler ABI info
[0.170s] -- Detecting C compiler ABI info - done
[0.175s] -- Check for working C compiler: /usr/bin/cc - skipped
[0.175s] -- Detecting C compile features
[0.176s] -- Detecting C compile features - done
[0.178s] -- Detecting CXX compiler ABI info
[0.244s] -- Detecting CXX compiler ABI info - done
[0.249s] -- Check for working CXX compiler: /usr/bin/c++ - skipped
[0.249s] -- Detecting CXX compile features
[0.250s] -- Detecting CXX compile features - done
[0.252s] -- Found ament_cmake_ros: 0.10.0 (/opt/ros/humble/share/ament_cmake_ros/cmake)
[0.376s] -- Found Python3: /usr/bin/python3 (found version "3.10.12") found components: Interpreter 
[0.449s] -- Found cv_bridge: 3.2.1 (/opt/ros/humble/share/cv_bridge/cmake)
[0.488s] -- Found rosidl_generator_c: 3.1.6 (/opt/ros/humble/share/rosidl_generator_c/cmake)
[0.493s] -- Found rosidl_adapter: 3.1.6 (/opt/ros/humble/share/rosidl_adapter/cmake)
[0.500s] -- Found rosidl_generator_cpp: 3.1.6 (/opt/ros/humble/share/rosidl_generator_cpp/cmake)
[0.509s] -- Using all available rosidl_typesupport_c: rosidl_typesupport_fastrtps_c;rosidl_typesupport_introspection_c
[0.523s] -- Using all available rosidl_typesupport_cpp: rosidl_typesupport_fastrtps_cpp;rosidl_typesupport_introspection_cpp
[0.569s] -- Found image_geometry: 3.2.1 (/opt/ros/humble/share/image_geometry/cmake)
[0.572s] -- Found laser_geometry: 2.4.0 (/opt/ros/humble/share/laser_geometry/cmake)
[0.615s] -- Found rmw_implementation_cmake: 6.1.2 (/opt/ros/humble/share/rmw_implementation_cmake/cmake)
[0.617s] -- Found rmw_fastrtps_cpp: 6.2.7 (/opt/ros/humble/share/rmw_fastrtps_cpp/cmake)
[0.695s] -- Found OpenSSL: /usr/lib/x86_64-linux-gnu/libcrypto.so (found version "3.0.2")  
[0.721s] -- Found FastRTPS: /opt/ros/humble/include  
[0.761s] -- Using RMW implementation 'rmw_fastrtps_cpp' as default
[0.769s] -- Looking for pthread.h
[0.833s] -- Looking for pthread.h - found
[0.833s] -- Performing Test CMAKE_HAVE_LIBC_PTHREAD
[0.898s] -- Performing Test CMAKE_HAVE_LIBC_PTHREAD - Success
[0.898s] -- Found Threads: TRUE  
[0.941s] -- Found message_filters: 4.3.6 (/opt/ros/humble/share/message_filters/cmake)
[0.944s] -- Found nav_msgs: 4.8.0 (/opt/ros/humble/share/nav_msgs/cmake)
[0.957s] -- Found pcl_conversions: 2.4.5 (/opt/ros/humble/share/pcl_conversions/cmake)
[0.984s] -- Checking for module 'eigen3'
[0.997s] --   Found eigen3, version 3.4.0
[1.028s] -- Found Eigen: /usr/include/eigen3 (Required is at least version "3.1") 
[1.028s] -- Eigen found (include: /usr/include/eigen3, version: 3.4.0)
[1.062s] -- Checking for module 'flann'
[1.075s] --   Found flann, version 1.9.1
[1.112s] -- Found FLANN: /usr/lib/x86_64-linux-gnu/libflann_cpp.so  
[1.112s] -- FLANN found (include: /usr/include, lib: /usr/lib/x86_64-linux-gnu/libflann_cpp.so)
[1.883s] -- Checking for module 'libusb-1.0'
[1.896s] --   Found libusb-1.0, version 1.0.25
[1.930s] -- Found libusb: /usr/lib/x86_64-linux-gnu/libusb-1.0.so  
[1.931s] -- OpenNI found (version: 1.5.4.0, include: /usr/include/ni, lib: /usr/lib/libOpenNI.so;libusb::libusb)
[1.982s] -- OpenNI2 found (version: 2.2.0.33, include: /usr/include/openni2, lib: /usr/lib/x86_64-linux-gnu/libOpenNI2.so;libusb::libusb)
[2.099s] -- Eigen found (include: /usr/include/eigen3, version: 3.4.0)
[2.104s] -- OpenNI found (version: 1.5.4.0, include: /usr/include/ni, lib: /usr/lib/libOpenNI.so;libusb::libusb)
[2.111s] -- OpenNI2 found (version: 2.2.0.33, include: /usr/include/openni2, lib: /usr/lib/x86_64-linux-gnu/libOpenNI2.so;libusb::libusb)
[2.224s] -- Found Qhull version 8.0.2
[2.334s] -- OpenNI found (version: 1.5.4.0, include: /usr/include/ni, lib: /usr/lib/libOpenNI.so;libusb::libusb)
[2.445s] -- Found PCL_COMMON: /usr/lib/x86_64-linux-gnu/libpcl_common.so  
[2.445s] -- Found PCL_KDTREE: /usr/lib/x86_64-linux-gnu/libpcl_kdtree.so  
[2.446s] -- Found PCL_OCTREE: /usr/lib/x86_64-linux-gnu/libpcl_octree.so  
[2.447s] -- Found PCL_SEARCH: /usr/lib/x86_64-linux-gnu/libpcl_search.so  
[2.448s] -- Found PCL_SAMPLE_CONSENSUS: /usr/lib/x86_64-linux-gnu/libpcl_sample_consensus.so  
[2.448s] -- Found PCL_FILTERS: /usr/lib/x86_64-linux-gnu/libpcl_filters.so  
[2.449s] -- Found PCL_2D: /usr/include/pcl-1.12  
[2.449s] -- Found PCL_GEOMETRY: /usr/include/pcl-1.12  
[2.450s] -- Found PCL_IO: /usr/lib/x86_64-linux-gnu/libpcl_io.so  
[2.451s] -- Found PCL_FEATURES: /usr/lib/x86_64-linux-gnu/libpcl_features.so  
[2.452s] -- Found PCL_ML: /usr/lib/x86_64-linux-gnu/libpcl_ml.so  
[2.452s] -- Found PCL_SEGMENTATION: /usr/lib/x86_64-linux-gnu/libpcl_segmentation.so  
[2.453s] -- Found PCL_VISUALIZATION: /usr/lib/x86_64-linux-gnu/libpcl_visualization.so  
[2.454s] -- Found PCL_SURFACE: /usr/lib/x86_64-linux-gnu/libpcl_surface.so  
[2.455s] -- Found PCL_REGISTRATION: /usr/lib/x86_64-linux-gnu/libpcl_registration.so  
[2.456s] -- Found PCL_KEYPOINTS: /usr/lib/x86_64-linux-gnu/libpcl_keypoints.so  
[2.456s] -- Found PCL_TRACKING: /usr/lib/x86_64-linux-gnu/libpcl_tracking.so  
[2.457s] -- Found PCL_RECOGNITION: /usr/lib/x86_64-linux-gnu/libpcl_recognition.so  
[2.458s] -- Found PCL_STEREO: /usr/lib/x86_64-linux-gnu/libpcl_stereo.so  
[2.458s] -- Found PCL_APPS: /usr/lib/x86_64-linux-gnu/libpcl_apps.so  
[2.459s] -- Found PCL_IN_HAND_SCANNER: /usr/include/pcl-1.12  
[2.459s] -- Found PCL_MODELER: /usr/include/pcl-1.12  
[2.460s] -- Found PCL_POINT_CLOUD_EDITOR: /usr/include/pcl-1.12  
[2.460s] -- Found PCL_OUTOFCORE: /usr/lib/x86_64-linux-gnu/libpcl_outofcore.so  
[2.461s] -- Found PCL_PEOPLE: /usr/lib/x86_64-linux-gnu/libpcl_people.so  
[2.464s] -- Found pcl_ros: 2.4.5 (/opt/ros/humble/share/pcl_ros/cmake)
[2.482s] -- Found Eigen3: TRUE (found version "3.4.0") 
[2.482s] -- Ensuring Eigen3 include directory is part of orocos-kdl CMake target
[2.552s] -- Found pluginlib: 5.1.0 (/opt/ros/humble/share/pluginlib/cmake)
[2.568s] -- Found rtabmap_conversions: 0.21.10 (/home/diogo/rtabmap_ros_ws/install/share/rtabmap_conversions/cmake)
[2.610s] -- Found rtabmap_util: 0.21.10 (/home/diogo/rtabmap_ros_ws/install/share/rtabmap_util/cmake)
[2.741s] -- Found rtabmap_sync: 0.21.10 (/home/diogo/rtabmap_ros_ws/install/share/rtabmap_sync/cmake)
[2.853s] -- Configuring done
[3.071s] -- Generating done
[3.114s] -- Build files have been written to: /home/diogo/rtabmap_ros_ws/build/rtabmap_odom
[3.137s] Invoked command in '/home/diogo/rtabmap_ros_ws/build/rtabmap_odom' returned '0': AMENT_PREFIX_PATH=/home/diogo/rtabmap_ros_ws/install:${AMENT_PREFIX_PATH} CMAKE_PREFIX_PATH=/home/diogo/rtabmap_ros_ws/install:/opt/ros/humble LD_LIBRARY_PATH=/home/diogo/rtabmap_ros_ws/install/lib:${LD_LIBRARY_PATH} PYTHONPATH=/home/diogo/rtabmap_ros_ws/install/local/lib/python3.10/dist-packages:${PYTHONPATH} /usr/bin/cmake /home/diogo/rtabmap_ros_ws/src/rtabmap_ros/rtabmap_odom -DCMAKE_BUILD_TYPE=MinSizeRel -DCMAKE_CXX_FLAGS=-pipe -DCMAKE_INSTALL_PREFIX=/home/diogo/rtabmap_ros_ws/install
[3.138s] Invoking command in '/home/diogo/rtabmap_ros_ws/build/rtabmap_odom': AMENT_PREFIX_PATH=/home/diogo/rtabmap_ros_ws/install:${AMENT_PREFIX_PATH} CMAKE_PREFIX_PATH=/home/diogo/rtabmap_ros_ws/install:/opt/ros/humble LD_LIBRARY_PATH=/home/diogo/rtabmap_ros_ws/install/lib:${LD_LIBRARY_PATH} PYTHONPATH=/home/diogo/rtabmap_ros_ws/install/local/lib/python3.10/dist-packages:${PYTHONPATH} /usr/bin/cmake --build /home/diogo/rtabmap_ros_ws/build/rtabmap_odom -- -j16 -l16
[3.187s] [  8%] [32mBuilding CXX object CMakeFiles/rtabmap_odom.dir/src/OdometryROS.cpp.o[0m
[23.054s] [ 16%] [32m[1mLinking CXX shared library librtabmap_odom.so[0m
[23.715s] [ 16%] Built target rtabmap_odom
[23.734s] [ 41%] [32mBuilding CXX object CMakeFiles/rtabmap_odom_plugins.dir/src/nodelets/icp_odometry.cpp.o[0m
[23.734s] [ 41%] [32mBuilding CXX object CMakeFiles/rtabmap_odom_plugins.dir/src/nodelets/rgbd_odometry.cpp.o[0m
[23.734s] [ 41%] [32mBuilding CXX object CMakeFiles/rtabmap_odom_plugins.dir/src/nodelets/stereo_odometry.cpp.o[0m
[52.324s] [ 50%] [32m[1mLinking CXX shared library librtabmap_odom_plugins.so[0m
[53.332s] [ 50%] Built target rtabmap_odom_plugins
[53.355s] [ 75%] [32mBuilding CXX object CMakeFiles/rtabmap_stereo_odometry.dir/src/StereoOdometryNode.cpp.o[0m
[53.355s] [ 75%] [32mBuilding CXX object CMakeFiles/rtabmap_rgbd_odometry.dir/src/RGBDOdometryNode.cpp.o[0m
[53.355s] [ 75%] [32mBuilding CXX object CMakeFiles/rtabmap_icp_odometry.dir/src/ICPOdometryNode.cpp.o[0m
[63.999s] [ 83%] [32m[1mLinking CXX executable icp_odometry[0m
[64.291s] [ 91%] [32m[1mLinking CXX executable stereo_odometry[0m
[64.337s] [100%] [32m[1mLinking CXX executable rgbd_odometry[0m
[65.896s] [100%] Built target rtabmap_icp_odometry
[66.021s] [100%] Built target rtabmap_stereo_odometry
[66.112s] [100%] Built target rtabmap_rgbd_odometry
[66.123s] Invoked command in '/home/diogo/rtabmap_ros_ws/build/rtabmap_odom' returned '0': AMENT_PREFIX_PATH=/home/diogo/rtabmap_ros_ws/install:${AMENT_PREFIX_PATH} CMAKE_PREFIX_PATH=/home/diogo/rtabmap_ros_ws/install:/opt/ros/humble LD_LIBRARY_PATH=/home/diogo/rtabmap_ros_ws/install/lib:${LD_LIBRARY_PATH} PYTHONPATH=/home/diogo/rtabmap_ros_ws/install/local/lib/python3.10/dist-packages:${PYTHONPATH} /usr/bin/cmake --build /home/diogo/rtabmap_ros_ws/build/rtabmap_odom -- -j16 -l16
[66.124s] Invoking command in '/home/diogo/rtabmap_ros_ws/build/rtabmap_odom': AMENT_PREFIX_PATH=/home/diogo/rtabmap_ros_ws/install:${AMENT_PREFIX_PATH} CMAKE_PREFIX_PATH=/home/diogo/rtabmap_ros_ws/install:/opt/ros/humble LD_LIBRARY_PATH=/home/diogo/rtabmap_ros_ws/install/lib:${LD_LIBRARY_PATH} PYTHONPATH=/home/diogo/rtabmap_ros_ws/install/local/lib/python3.10/dist-packages:${PYTHONPATH} /usr/bin/cmake --install /home/diogo/rtabmap_ros_ws/build/rtabmap_odom
[66.131s] -- Install configuration: "MinSizeRel"
[66.131s] -- Installing: /home/diogo/rtabmap_ros_ws/install/share/rtabmap_odom/environment/library_path.sh
[66.131s] -- Installing: /home/diogo/rtabmap_ros_ws/install/share/rtabmap_odom/environment/library_path.dsv
[66.131s] -- Installing: /home/diogo/rtabmap_ros_ws/install/lib/librtabmap_odom.so
[66.133s] -- Set runtime path of "/home/diogo/rtabmap_ros_ws/install/lib/librtabmap_odom.so" to ""
[66.133s] -- Installing: /home/diogo/rtabmap_ros_ws/install/lib/librtabmap_odom_plugins.so
[66.139s] -- Set runtime path of "/home/diogo/rtabmap_ros_ws/install/lib/librtabmap_odom_plugins.so" to ""
[66.139s] -- Installing: /home/diogo/rtabmap_ros_ws/install/lib/rtabmap_odom/rgbd_odometry
[66.139s] -- Set runtime path of "/home/diogo/rtabmap_ros_ws/install/lib/rtabmap_odom/rgbd_odometry" to ""
[66.139s] -- Installing: /home/diogo/rtabmap_ros_ws/install/lib/rtabmap_odom/icp_odometry
[66.140s] -- Set runtime path of "/home/diogo/rtabmap_ros_ws/install/lib/rtabmap_odom/icp_odometry" to ""
[66.140s] -- Installing: /home/diogo/rtabmap_ros_ws/install/lib/rtabmap_odom/stereo_odometry
[66.140s] -- Set runtime path of "/home/diogo/rtabmap_ros_ws/install/lib/rtabmap_odom/stereo_odometry" to ""
[66.140s] -- Up-to-date: /home/diogo/rtabmap_ros_ws/install/include
[66.140s] -- Installing: /home/diogo/rtabmap_ros_ws/install/include/rtabmap_odom
[66.140s] -- Installing: /home/diogo/rtabmap_ros_ws/install/include/rtabmap_odom/OdometryROS.h
[66.140s] -- Installing: /home/diogo/rtabmap_ros_ws/install/include/rtabmap_odom/visibility.h
[66.141s] -- Installing: /home/diogo/rtabmap_ros_ws/install/share/ament_index/resource_index/package_run_dependencies/rtabmap_odom
[66.141s] -- Installing: /home/diogo/rtabmap_ros_ws/install/share/ament_index/resource_index/parent_prefix_path/rtabmap_odom
[66.141s] -- Installing: /home/diogo/rtabmap_ros_ws/install/share/rtabmap_odom/environment/ament_prefix_path.sh
[66.141s] -- Installing: /home/diogo/rtabmap_ros_ws/install/share/rtabmap_odom/environment/ament_prefix_path.dsv
[66.141s] -- Installing: /home/diogo/rtabmap_ros_ws/install/share/rtabmap_odom/environment/path.sh
[66.141s] -- Installing: /home/diogo/rtabmap_ros_ws/install/share/rtabmap_odom/environment/path.dsv
[66.141s] -- Installing: /home/diogo/rtabmap_ros_ws/install/share/rtabmap_odom/local_setup.bash
[66.141s] -- Installing: /home/diogo/rtabmap_ros_ws/install/share/rtabmap_odom/local_setup.sh
[66.142s] -- Installing: /home/diogo/rtabmap_ros_ws/install/share/rtabmap_odom/local_setup.zsh
[66.142s] -- Installing: /home/diogo/rtabmap_ros_ws/install/share/rtabmap_odom/local_setup.dsv
[66.142s] -- Installing: /home/diogo/rtabmap_ros_ws/install/share/rtabmap_odom/package.dsv
[66.142s] -- Installing: /home/diogo/rtabmap_ros_ws/install/share/ament_index/resource_index/packages/rtabmap_odom
[66.142s] -- Installing: /home/diogo/rtabmap_ros_ws/install/share/ament_index/resource_index/rclcpp_components/rtabmap_odom
[66.143s] -- Installing: /home/diogo/rtabmap_ros_ws/install/share/rtabmap_odom/cmake/rtabmap_odomExport.cmake
[66.143s] -- Installing: /home/diogo/rtabmap_ros_ws/install/share/rtabmap_odom/cmake/rtabmap_odomExport-minsizerel.cmake
[66.143s] -- Installing: /home/diogo/rtabmap_ros_ws/install/share/rtabmap_odom/cmake/ament_cmake_export_dependencies-extras.cmake
[66.143s] -- Installing: /home/diogo/rtabmap_ros_ws/install/share/rtabmap_odom/cmake/ament_cmake_export_include_directories-extras.cmake
[66.143s] -- Installing: /home/diogo/rtabmap_ros_ws/install/share/rtabmap_odom/cmake/ament_cmake_export_targets-extras.cmake
[66.143s] -- Installing: /home/diogo/rtabmap_ros_ws/install/share/rtabmap_odom/cmake/ament_cmake_export_libraries-extras.cmake
[66.143s] -- Installing: /home/diogo/rtabmap_ros_ws/install/share/rtabmap_odom/cmake/rtabmap_odomConfig.cmake
[66.143s] -- Installing: /home/diogo/rtabmap_ros_ws/install/share/rtabmap_odom/cmake/rtabmap_odomConfig-version.cmake
[66.144s] -- Installing: /home/diogo/rtabmap_ros_ws/install/share/rtabmap_odom/package.xml
[66.147s] Invoked command in '/home/diogo/rtabmap_ros_ws/build/rtabmap_odom' returned '0': AMENT_PREFIX_PATH=/home/diogo/rtabmap_ros_ws/install:${AMENT_PREFIX_PATH} CMAKE_PREFIX_PATH=/home/diogo/rtabmap_ros_ws/install:/opt/ros/humble LD_LIBRARY_PATH=/home/diogo/rtabmap_ros_ws/install/lib:${LD_LIBRARY_PATH} PYTHONPATH=/home/diogo/rtabmap_ros_ws/install/local/lib/python3.10/dist-packages:${PYTHONPATH} /usr/bin/cmake --install /home/diogo/rtabmap_ros_ws/build/rtabmap_odom
