-- Found ament_cmake: 1.3.11 (/opt/ros/humble/share/ament_cmake/cmake)
-- Override CMake install command with custom implementation using symlinks instead of copying resources
-- Found cv_bridge: 3.2.1 (/opt/ros/humble/share/cv_bridge/cmake)
-- Found rosidl_generator_c: 3.1.6 (/opt/ros/humble/share/rosidl_generator_c/cmake)
-- Found rosidl_adapter: 3.1.6 (/opt/ros/humble/share/rosidl_adapter/cmake)
-- Found rosidl_generator_cpp: 3.1.6 (/opt/ros/humble/share/rosidl_generator_cpp/cmake)
-- Using all available rosidl_typesupport_c: rosidl_typesupport_fastrtps_c;rosidl_typesupport_introspection_c
-- Using all available rosidl_typesupport_cpp: rosidl_typesupport_fastrtps_cpp;rosidl_typesupport_introspection_cpp
-- Found image_geometry: 3.2.1 (/opt/ros/humble/share/image_geometry/cmake)
-- Found laser_geometry: 2.4.0 (/opt/ros/humble/share/laser_geometry/cmake)
-- Found rmw_implementation_cmake: 6.1.2 (/opt/ros/humble/share/rmw_implementation_cmake/cmake)
-- Found rmw_fastrtps_cpp: 6.2.7 (/opt/ros/humble/share/rmw_fastrtps_cpp/cmake)
-- Using RMW implementation 'rmw_fastrtps_cpp' as default
-- Found pcl_conversions: 2.4.5 (/opt/ros/humble/share/pcl_conversions/cmake)
-- Eigen found (include: /usr/include/eigen3, version: 3.4.0)
-- FLANN found (include: /usr/include, lib: /usr/lib/x86_64-linux-gnu/libflann_cpp.so)
-- OpenNI found (version: 1.5.4.0, include: /usr/include/ni, lib: /usr/lib/libOpenNI.so;libusb::libusb)
-- OpenNI2 found (version: 2.2.0.33, include: /usr/include/openni2, lib: /usr/lib/x86_64-linux-gnu/libOpenNI2.so;libusb::libusb)
-- Eigen found (include: /usr/include/eigen3, version: 3.4.0)
-- OpenNI found (version: 1.5.4.0, include: /usr/include/ni, lib: /usr/lib/libOpenNI.so;libusb::libusb)
-- OpenNI2 found (version: 2.2.0.33, include: /usr/include/openni2, lib: /usr/lib/x86_64-linux-gnu/libOpenNI2.so;libusb::libusb)
-- Found Qhull version 8.0.2
-- OpenNI found (version: 1.5.4.0, include: /usr/include/ni, lib: /usr/lib/libOpenNI.so;libusb::libusb)
-- Found rtabmap_msgs: 0.21.10 (/home/diogo/rtabmap_ros_ws/install/share/rtabmap_msgs/cmake)
-- Found tf2_eigen: 0.25.12 (/opt/ros/humble/share/tf2_eigen/cmake)
-- Found tf2_geometry_msgs: 0.25.12 (/opt/ros/humble/share/tf2_geometry_msgs/cmake)
-- Ensuring Eigen3 include directory is part of orocos-kdl CMake target
-- Configuring done
-- Generating done
-- Build files have been written to: /home/diogo/rtabmap_ros_ws/build/rtabmap_conversions
[35m[1mConsolidate compiler generated dependencies of target rtabmap_conversions[0m
[100%] Built target rtabmap_conversions
-- Install configuration: "MinSizeRel"
-- Execute custom install script
-- Up-to-date symlink: /home/diogo/rtabmap_ros_ws/install/share/rtabmap_conversions/environment/library_path.sh
-- Up-to-date symlink: /home/diogo/rtabmap_ros_ws/install/share/rtabmap_conversions/environment/library_path.dsv
-- Up-to-date symlink: /home/diogo/rtabmap_ros_ws/install/share/ament_index/resource_index/package_run_dependencies/rtabmap_conversions
-- Up-to-date symlink: /home/diogo/rtabmap_ros_ws/install/share/ament_index/resource_index/parent_prefix_path/rtabmap_conversions
-- Up-to-date symlink: /home/diogo/rtabmap_ros_ws/install/share/rtabmap_conversions/environment/ament_prefix_path.sh
-- Up-to-date symlink: /home/diogo/rtabmap_ros_ws/install/share/rtabmap_conversions/environment/ament_prefix_path.dsv
-- Up-to-date symlink: /home/diogo/rtabmap_ros_ws/install/share/rtabmap_conversions/environment/path.sh
-- Up-to-date symlink: /home/diogo/rtabmap_ros_ws/install/share/rtabmap_conversions/environment/path.dsv
-- Up-to-date symlink: /home/diogo/rtabmap_ros_ws/install/share/rtabmap_conversions/local_setup.bash
-- Up-to-date symlink: /home/diogo/rtabmap_ros_ws/install/share/rtabmap_conversions/local_setup.sh
-- Up-to-date symlink: /home/diogo/rtabmap_ros_ws/install/share/rtabmap_conversions/local_setup.zsh
-- Up-to-date symlink: /home/diogo/rtabmap_ros_ws/install/share/rtabmap_conversions/local_setup.dsv
-- Symlinking: /home/diogo/rtabmap_ros_ws/install/share/rtabmap_conversions/package.dsv
-- Up-to-date symlink: /home/diogo/rtabmap_ros_ws/install/share/ament_index/resource_index/packages/rtabmap_conversions
-- Up-to-date symlink: /home/diogo/rtabmap_ros_ws/install/share/rtabmap_conversions/cmake/ament_cmake_export_dependencies-extras.cmake
-- Up-to-date symlink: /home/diogo/rtabmap_ros_ws/install/share/rtabmap_conversions/cmake/ament_cmake_export_include_directories-extras.cmake
-- Up-to-date symlink: /home/diogo/rtabmap_ros_ws/install/share/rtabmap_conversions/cmake/ament_cmake_export_targets-extras.cmake
-- Up-to-date symlink: /home/diogo/rtabmap_ros_ws/install/share/rtabmap_conversions/cmake/ament_cmake_export_libraries-extras.cmake
-- Up-to-date symlink: /home/diogo/rtabmap_ros_ws/install/share/rtabmap_conversions/cmake/rtabmap_conversionsConfig.cmake
-- Up-to-date symlink: /home/diogo/rtabmap_ros_ws/install/share/rtabmap_conversions/cmake/rtabmap_conversionsConfig-version.cmake
-- Up-to-date symlink: /home/diogo/rtabmap_ros_ws/install/share/rtabmap_conversions/package.xml
-- Up-to-date: /home/diogo/rtabmap_ros_ws/install/lib/librtabmap_conversions.so
-- Up-to-date: /home/diogo/rtabmap_ros_ws/install/include
-- Up-to-date: /home/diogo/rtabmap_ros_ws/install/include/rtabmap_conversions
-- Up-to-date: /home/diogo/rtabmap_ros_ws/install/include/rtabmap_conversions/MsgConversion.h
-- Up-to-date: /home/diogo/rtabmap_ros_ws/install/share/rtabmap_conversions/cmake/rtabmap_conversionsExport.cmake
-- Up-to-date: /home/diogo/rtabmap_ros_ws/install/share/rtabmap_conversions/cmake/rtabmap_conversionsExport-minsizerel.cmake
