[0.020s] Invoking command in '/home/diogo/rtabmap_ros_ws/build/rtabmap_examples': AMENT_PREFIX_PATH=/home/diogo/rtabmap_ros_ws/install:${AMENT_PREFIX_PATH} CMAKE_PREFIX_PATH=/home/diogo/rtabmap_ros_ws/install:/opt/ros/humble LD_LIBRARY_PATH=/home/diogo/rtabmap_ros_ws/install/lib:${LD_LIBRARY_PATH} PYTHONPATH=/home/diogo/rtabmap_ros_ws/install/lib/python3.10/site-packages:/home/diogo/rtabmap_ros_ws/install/local/lib/python3.10/dist-packages:${PYTHONPATH} /usr/bin/cmake /home/diogo/rtabmap_ros_ws/src/rtabmap_ros/rtabmap_examples -DCMAKE_BUILD_TYPE=MinSizeRel -DCMAKE_CXX_FLAGS=-pipe -DCMAKE_INSTALL_PREFIX=/home/diogo/rtabmap_ros_ws/install
[0.063s] -- The C compiler identification is GNU 11.4.0
[0.106s] -- The CXX compiler identification is GNU 11.4.0
[0.112s] -- Detecting C compiler ABI info
[0.171s] -- Detecting C compiler ABI info - done
[0.176s] -- Check for working C compiler: /usr/bin/cc - skipped
[0.177s] -- Detecting C compile features
[0.177s] -- Detecting C compile features - done
[0.179s] -- Detecting CXX compiler ABI info
[0.244s] -- Detecting CXX compiler ABI info - done
[0.249s] -- Check for working CXX compiler: /usr/bin/c++ - skipped
[0.250s] -- Detecting CXX compile features
[0.250s] -- Detecting CXX compile features - done
[0.252s] -- Found ament_cmake: 1.3.11 (/opt/ros/humble/share/ament_cmake/cmake)
[0.371s] -- Found Python3: /usr/bin/python3 (found version "3.10.12") found components: Interpreter 
[0.490s] -- Configuring done
[0.492s] -- Generating done
[0.494s] -- Build files have been written to: /home/diogo/rtabmap_ros_ws/build/rtabmap_examples
[0.499s] Invoked command in '/home/diogo/rtabmap_ros_ws/build/rtabmap_examples' returned '0': AMENT_PREFIX_PATH=/home/diogo/rtabmap_ros_ws/install:${AMENT_PREFIX_PATH} CMAKE_PREFIX_PATH=/home/diogo/rtabmap_ros_ws/install:/opt/ros/humble LD_LIBRARY_PATH=/home/diogo/rtabmap_ros_ws/install/lib:${LD_LIBRARY_PATH} PYTHONPATH=/home/diogo/rtabmap_ros_ws/install/lib/python3.10/site-packages:/home/diogo/rtabmap_ros_ws/install/local/lib/python3.10/dist-packages:${PYTHONPATH} /usr/bin/cmake /home/diogo/rtabmap_ros_ws/src/rtabmap_ros/rtabmap_examples -DCMAKE_BUILD_TYPE=MinSizeRel -DCMAKE_CXX_FLAGS=-pipe -DCMAKE_INSTALL_PREFIX=/home/diogo/rtabmap_ros_ws/install
[0.500s] Invoking command in '/home/diogo/rtabmap_ros_ws/build/rtabmap_examples': AMENT_PREFIX_PATH=/home/diogo/rtabmap_ros_ws/install:${AMENT_PREFIX_PATH} CMAKE_PREFIX_PATH=/home/diogo/rtabmap_ros_ws/install:/opt/ros/humble LD_LIBRARY_PATH=/home/diogo/rtabmap_ros_ws/install/lib:${LD_LIBRARY_PATH} PYTHONPATH=/home/diogo/rtabmap_ros_ws/install/lib/python3.10/site-packages:/home/diogo/rtabmap_ros_ws/install/local/lib/python3.10/dist-packages:${PYTHONPATH} /usr/bin/cmake --build /home/diogo/rtabmap_ros_ws/build/rtabmap_examples -- -j16 -l16
[0.536s] Invoked command in '/home/diogo/rtabmap_ros_ws/build/rtabmap_examples' returned '0': AMENT_PREFIX_PATH=/home/diogo/rtabmap_ros_ws/install:${AMENT_PREFIX_PATH} CMAKE_PREFIX_PATH=/home/diogo/rtabmap_ros_ws/install:/opt/ros/humble LD_LIBRARY_PATH=/home/diogo/rtabmap_ros_ws/install/lib:${LD_LIBRARY_PATH} PYTHONPATH=/home/diogo/rtabmap_ros_ws/install/lib/python3.10/site-packages:/home/diogo/rtabmap_ros_ws/install/local/lib/python3.10/dist-packages:${PYTHONPATH} /usr/bin/cmake --build /home/diogo/rtabmap_ros_ws/build/rtabmap_examples -- -j16 -l16
[0.537s] Invoking command in '/home/diogo/rtabmap_ros_ws/build/rtabmap_examples': AMENT_PREFIX_PATH=/home/diogo/rtabmap_ros_ws/install:${AMENT_PREFIX_PATH} CMAKE_PREFIX_PATH=/home/diogo/rtabmap_ros_ws/install:/opt/ros/humble LD_LIBRARY_PATH=/home/diogo/rtabmap_ros_ws/install/lib:${LD_LIBRARY_PATH} PYTHONPATH=/home/diogo/rtabmap_ros_ws/install/lib/python3.10/site-packages:/home/diogo/rtabmap_ros_ws/install/local/lib/python3.10/dist-packages:${PYTHONPATH} /usr/bin/cmake --install /home/diogo/rtabmap_ros_ws/build/rtabmap_examples
[0.543s] -- Install configuration: "MinSizeRel"
[0.543s] -- Installing: /home/diogo/rtabmap_ros_ws/install/share/rtabmap_examples/launch
[0.543s] -- Installing: /home/diogo/rtabmap_ros_ws/install/share/rtabmap_examples/launch/realsense_d435i_color.launch.py
[0.544s] -- Installing: /home/diogo/rtabmap_ros_ws/install/share/rtabmap_examples/launch/realsense_d435i_infra.launch.py
[0.544s] -- Installing: /home/diogo/rtabmap_ros_ws/install/share/rtabmap_examples/launch/vlp16_zed.launch.py
[0.544s] -- Installing: /home/diogo/rtabmap_ros_ws/install/share/rtabmap_examples/launch/euroc_datasets.launch.py
[0.544s] -- Installing: /home/diogo/rtabmap_ros_ws/install/share/rtabmap_examples/launch/k4a.launch.py
[0.545s] -- Installing: /home/diogo/rtabmap_ros_ws/install/share/rtabmap_examples/launch/lidar3d_assemble.launch.py
[0.545s] -- Installing: /home/diogo/rtabmap_ros_ws/install/share/rtabmap_examples/launch/rgbdslam_datasets.launch.py
[0.545s] -- Installing: /home/diogo/rtabmap_ros_ws/install/share/rtabmap_examples/launch/realsense_d435i_stereo.launch.py
[0.545s] -- Installing: /home/diogo/rtabmap_ros_ws/install/share/rtabmap_examples/launch/depthai.launch.py
[0.545s] -- Installing: /home/diogo/rtabmap_ros_ws/install/share/rtabmap_examples/launch/realsense_d400.launch.py
[0.546s] -- Installing: /home/diogo/rtabmap_ros_ws/install/share/rtabmap_examples/launch/zed.launch.py
[0.546s] -- Installing: /home/diogo/rtabmap_ros_ws/install/share/rtabmap_examples/launch/rtabmap_D405x2.launch.py
[0.546s] -- Installing: /home/diogo/rtabmap_ros_ws/install/share/rtabmap_examples/launch/lidar3d.launch.py
[0.546s] -- Installing: /home/diogo/rtabmap_ros_ws/install/share/rtabmap_examples/launch/kinect_xbox_360.launch.py
[0.546s] -- Installing: /home/diogo/rtabmap_ros_ws/install/share/rtabmap_examples/launch/rtabmap_D405x3.launch.py
[0.546s] -- Installing: /home/diogo/rtabmap_ros_ws/install/share/rtabmap_examples/config
[0.547s] -- Installing: /home/diogo/rtabmap_ros_ws/install/share/rtabmap_examples/config/euroc_right.yaml
[0.547s] -- Installing: /home/diogo/rtabmap_ros_ws/install/share/rtabmap_examples/config/euroc_left.yaml
[0.547s] -- Installing: /home/diogo/rtabmap_ros_ws/install/share/rtabmap_examples/config/slam_D405x3_config.rviz
[0.547s] -- Installing: /home/diogo/rtabmap_ros_ws/install/share/rtabmap_examples/config/slam_D405x2_config.rviz
[0.548s] -- Installing: /home/diogo/rtabmap_ros_ws/install/share/ament_index/resource_index/package_run_dependencies/rtabmap_examples
[0.548s] -- Installing: /home/diogo/rtabmap_ros_ws/install/share/ament_index/resource_index/parent_prefix_path/rtabmap_examples
[0.548s] -- Installing: /home/diogo/rtabmap_ros_ws/install/share/rtabmap_examples/environment/ament_prefix_path.sh
[0.548s] -- Installing: /home/diogo/rtabmap_ros_ws/install/share/rtabmap_examples/environment/ament_prefix_path.dsv
[0.548s] -- Installing: /home/diogo/rtabmap_ros_ws/install/share/rtabmap_examples/environment/path.sh
[0.548s] -- Installing: /home/diogo/rtabmap_ros_ws/install/share/rtabmap_examples/environment/path.dsv
[0.548s] -- Installing: /home/diogo/rtabmap_ros_ws/install/share/rtabmap_examples/local_setup.bash
[0.548s] -- Installing: /home/diogo/rtabmap_ros_ws/install/share/rtabmap_examples/local_setup.sh
[0.549s] -- Installing: /home/diogo/rtabmap_ros_ws/install/share/rtabmap_examples/local_setup.zsh
[0.549s] -- Installing: /home/diogo/rtabmap_ros_ws/install/share/rtabmap_examples/local_setup.dsv
[0.549s] -- Installing: /home/diogo/rtabmap_ros_ws/install/share/rtabmap_examples/package.dsv
[0.549s] -- Installing: /home/diogo/rtabmap_ros_ws/install/share/ament_index/resource_index/packages/rtabmap_examples
[0.549s] -- Installing: /home/diogo/rtabmap_ros_ws/install/share/rtabmap_examples/cmake/rtabmap_examplesConfig.cmake
[0.549s] -- Installing: /home/diogo/rtabmap_ros_ws/install/share/rtabmap_examples/cmake/rtabmap_examplesConfig-version.cmake
[0.549s] -- Installing: /home/diogo/rtabmap_ros_ws/install/share/rtabmap_examples/package.xml
[0.551s] Invoked command in '/home/diogo/rtabmap_ros_ws/build/rtabmap_examples' returned '0': AMENT_PREFIX_PATH=/home/diogo/rtabmap_ros_ws/install:${AMENT_PREFIX_PATH} CMAKE_PREFIX_PATH=/home/diogo/rtabmap_ros_ws/install:/opt/ros/humble LD_LIBRARY_PATH=/home/diogo/rtabmap_ros_ws/install/lib:${LD_LIBRARY_PATH} PYTHONPATH=/home/diogo/rtabmap_ros_ws/install/lib/python3.10/site-packages:/home/diogo/rtabmap_ros_ws/install/local/lib/python3.10/dist-packages:${PYTHONPATH} /usr/bin/cmake --install /home/diogo/rtabmap_ros_ws/build/rtabmap_examples
